#
# There is insufficient memory for the Java Runtime Environment to continue.
# Cannot create GC thread. Out of system resources.
# Possible reasons:
#   The system is out of physical RAM or swap space
#   The process is running with CompressedOops enabled, and the Java Heap may be blocking the growth of the native heap
# Possible solutions:
#   Reduce memory load on the system
#   Increase physical memory or swap space
#   Check if swap backing store is full
#   Decrease Java heap size (-Xmx/-Xms)
#   Decrease number of Java threads
#   Decrease Java thread stack sizes (-Xss)
#   Set larger code cache with -XX:ReservedCodeCacheSize=
# This output file may be truncated or incomplete.
#
#  Out of Memory Error (gcTaskThread.cpp:48), pid=165317, tid=0x00007f1c27d16800
#
# JRE version:  (8.0_382-b05) (build )
# Java VM: OpenJDK 64-Bit Server VM (25.382-b05 mixed mode linux-amd64 compressed oops)
# Failed to write core dump. Core dumps have been disabled. To enable core dumping, try "ulimit -c unlimited" before starting Java again
#

---------------  T H R E A D  ---------------

Current thread (0x0000561dd6f81000):  JavaThread "Unknown thread" [_thread_in_vm, id=165317, stack(0x00007ffcfce50000,0x00007ffcfcf50000)]

Stack: [0x00007ffcfce50000,0x00007ffcfcf50000],  sp=0x00007ffcfcf480c0,  free space=992k
Native frames: (J=compiled Java code, j=interpreted, Vv=VM code, C=native code)
V  [libjvm.so+0xb3e0a7]
V  [libjvm.so+0x4f04cf]
V  [libjvm.so+0x5cb31f]
V  [libjvm.so+0x5ca9ff]
V  [libjvm.so+0x9a8152]
V  [libjvm.so+0xb01101]
V  [libjvm.so+0xb013b6]
V  [libjvm.so+0x64417f]
V  [libjvm.so+0xae06d0]
V  [libjvm.so+0x71b120]  JNI_CreateJavaVM+0x60
C  [libjli.so+0x441a]
C  [libjli.so+0x9a29]
C  [libjli.so+0x5f3e]
C  [libjli.so+0x72fc]  JLI_Launch+0x123c
C  [java+0x10a5]
C  [libc.so.6+0x29d90]


---------------  P R O C E S S  ---------------

Java Threads: ( => current thread )

Other Threads:

=>0x0000561dd6f81000 (exited) JavaThread "Unknown thread" [_thread_in_vm, id=165317, stack(0x00007ffcfce50000,0x00007ffcfcf50000)]

VM state:not at safepoint (not fully initialized)

VM Mutex/Monitor currently owned by a thread: None

heap address: 0x00000000b6c00000, size: 1172 MB, Compressed Oops mode: Non-zero based:0x00000000b6bff000
Narrow klass base: 0x0000000000000000, Narrow klass shift: 0

GC Heap History (0 events):
No events

Deoptimization events (0 events):
No events

Classes redefined (0 events):
No events

Internal exceptions (0 events):
No events

Events (0 events):
No events


Dynamic libraries:
b6c00000-bb700000 rw-p 00000000 00:00 0 
bb700000-e7980000 ---p 00000000 00:00 0 
e7980000-e9e80000 rw-p 00000000 00:00 0 
e9e80000-100000000 ---p 00000000 00:00 0 
561dd6c7a000-561dd6c7b000 r--p 00000000 103:05 6961241                   /usr/lib/jvm/java-8-openjdk-amd64/jre/bin/java
561dd6c7b000-561dd6c7c000 r-xp 00001000 103:05 6961241                   /usr/lib/jvm/java-8-openjdk-amd64/jre/bin/java
561dd6c7c000-561dd6c7d000 r--p 00002000 103:05 6961241                   /usr/lib/jvm/java-8-openjdk-amd64/jre/bin/java
561dd6c7d000-561dd6c7e000 r--p 00002000 103:05 6961241                   /usr/lib/jvm/java-8-openjdk-amd64/jre/bin/java
561dd6c7e000-561dd6c7f000 rw-p 00003000 103:05 6961241                   /usr/lib/jvm/java-8-openjdk-amd64/jre/bin/java
561dd6f08000-561dd6fd6000 rw-p 00000000 00:00 0                          [heap]
7f1c175f5000-7f1c1761b000 rw-p 00000000 00:00 0 
7f1c1761b000-7f1c1777b000 ---p 00000000 00:00 0 
7f1c1777b000-7f1c1778f000 rw-p 00000000 00:00 0 
7f1c1778f000-7f1c1783f000 ---p 00000000 00:00 0 
7f1c1783f000-7f1c1784a000 rw-p 00000000 00:00 0 
7f1c1784a000-7f1c17c00000 ---p 00000000 00:00 0 
7f1c17c00000-7f1c17e70000 rwxp 00000000 00:00 0 
7f1c17e70000-7f1c26c00000 ---p 00000000 00:00 0 
7f1c26c00000-7f1c26df6000 r--p 00000000 103:05 6961290                   /usr/lib/jvm/java-8-openjdk-amd64/jre/lib/amd64/server/libjvm.so
7f1c26df6000-7f1c27766000 r-xp 001f6000 103:05 6961290                   /usr/lib/jvm/java-8-openjdk-amd64/jre/lib/amd64/server/libjvm.so
7f1c27766000-7f1c27911000 r--p 00b66000 103:05 6961290                   /usr/lib/jvm/java-8-openjdk-amd64/jre/lib/amd64/server/libjvm.so
7f1c27911000-7f1c27912000 ---p 00d11000 103:05 6961290                   /usr/lib/jvm/java-8-openjdk-amd64/jre/lib/amd64/server/libjvm.so
7f1c27912000-7f1c279a8000 r--p 00d11000 103:05 6961290                   /usr/lib/jvm/java-8-openjdk-amd64/jre/lib/amd64/server/libjvm.so
7f1c279a8000-7f1c279d1000 rw-p 00da7000 103:05 6961290                   /usr/lib/jvm/java-8-openjdk-amd64/jre/lib/amd64/server/libjvm.so
7f1c279d1000-7f1c27a04000 rw-p 00000000 00:00 0 
7f1c27a7d000-7f1c27aa3000 rw-p 00000000 00:00 0 
7f1c27aa3000-7f1c27c04000 ---p 00000000 00:00 0 
7f1c27c04000-7f1c27d19000 rw-p 00000000 00:00 0 
7f1c27d19000-7f1c27d27000 r--p 00000000 103:05 6293613                   /usr/lib/x86_64-linux-gnu/libm.so.6
7f1c27d27000-7f1c27da3000 r-xp 0000e000 103:05 6293613                   /usr/lib/x86_64-linux-gnu/libm.so.6
7f1c27da3000-7f1c27dfe000 r--p 0008a000 103:05 6293613                   /usr/lib/x86_64-linux-gnu/libm.so.6
7f1c27dfe000-7f1c27dff000 r--p 000e4000 103:05 6293613                   /usr/lib/x86_64-linux-gnu/libm.so.6
7f1c27dff000-7f1c27e00000 rw-p 000e5000 103:05 6293613                   /usr/lib/x86_64-linux-gnu/libm.so.6
7f1c27e00000-7f1c27e9a000 r--p 00000000 103:05 6319691                   /usr/lib/x86_64-linux-gnu/libstdc++.so.6.0.30
7f1c27e9a000-7f1c27fab000 r-xp 0009a000 103:05 6319691                   /usr/lib/x86_64-linux-gnu/libstdc++.so.6.0.30
7f1c27fab000-7f1c2801a000 r--p 001ab000 103:05 6319691                   /usr/lib/x86_64-linux-gnu/libstdc++.so.6.0.30
7f1c2801a000-7f1c2801b000 ---p 0021a000 103:05 6319691                   /usr/lib/x86_64-linux-gnu/libstdc++.so.6.0.30
7f1c2801b000-7f1c28026000 r--p 0021a000 103:05 6319691                   /usr/lib/x86_64-linux-gnu/libstdc++.so.6.0.30
7f1c28026000-7f1c28029000 rw-p 00225000 103:05 6319691                   /usr/lib/x86_64-linux-gnu/libstdc++.so.6.0.30
7f1c28029000-7f1c2802c000 rw-p 00000000 00:00 0 
7f1c280c6000-7f1c280f1000 r--p 00000000 103:05 15080498                  /home/jericho/anaconda3/envs/opengate_env/lib/python3.9/site-packages/opengate_core.libs/libG4clhep-170e676c.so
7f1c280f1000-7f1c2814e000 r-xp 0002b000 103:05 15080498                  /home/jericho/anaconda3/envs/opengate_env/lib/python3.9/site-packages/opengate_core.libs/libG4clhep-170e676c.so
7f1c2814e000-7f1c2817b000 r--p 00088000 103:05 15080498                  /home/jericho/anaconda3/envs/opengate_env/lib/python3.9/site-packages/opengate_core.libs/libG4clhep-170e676c.so
7f1c2817b000-7f1c2817c000 ---p 000b5000 103:05 15080498                  /home/jericho/anaconda3/envs/opengate_env/lib/python3.9/site-packages/opengate_core.libs/libG4clhep-170e676c.so
7f1c2817c000-7f1c2817e000 r--p 000b5000 103:05 15080498                  /home/jericho/anaconda3/envs/opengate_env/lib/python3.9/site-packages/opengate_core.libs/libG4clhep-170e676c.so
7f1c2817e000-7f1c28180000 rw-p 000b7000 103:05 15080498                  /home/jericho/anaconda3/envs/opengate_env/lib/python3.9/site-packages/opengate_core.libs/libG4clhep-170e676c.so
7f1c28180000-7f1c28181000 rw-p 00000000 00:00 0 
7f1c28181000-7f1c28198000 rw-p 000e1000 103:05 15080498                  /home/jericho/anaconda3/envs/opengate_env/lib/python3.9/site-packages/opengate_core.libs/libG4clhep-170e676c.so
7f1c28198000-7f1c281cd000 r--p 00000000 103:05 15080501                  /home/jericho/anaconda3/envs/opengate_env/lib/python3.9/site-packages/opengate_core.libs/libG4global-a19c55f2.so
7f1c281cd000-7f1c28255000 r-xp 00035000 103:05 15080501                  /home/jericho/anaconda3/envs/opengate_env/lib/python3.9/site-packages/opengate_core.libs/libG4global-a19c55f2.so
7f1c28255000-7f1c28277000 r--p 000bd000 103:05 15080501                  /home/jericho/anaconda3/envs/opengate_env/lib/python3.9/site-packages/opengate_core.libs/libG4global-a19c55f2.so
7f1c28277000-7f1c2827a000 r--p 000de000 103:05 15080501                  /home/jericho/anaconda3/envs/opengate_env/lib/python3.9/site-packages/opengate_core.libs/libG4global-a19c55f2.so
7f1c2827a000-7f1c2827c000 rw-p 000e1000 103:05 15080501                  /home/jericho/anaconda3/envs/opengate_env/lib/python3.9/site-packages/opengate_core.libs/libG4global-a19c55f2.so
7f1c2827c000-7f1c2827d000 rw-p 00000000 00:00 0 
7f1c2827d000-7f1c282d1000 rw-p 0011f000 103:05 15080501                  /home/jericho/anaconda3/envs/opengate_env/lib/python3.9/site-packages/opengate_core.libs/libG4global-a19c55f2.so
7f1c282d1000-7f1c282e0000 r--p 00000000 103:05 15080565                  /home/jericho/anaconda3/envs/opengate_env/lib/python3.9/site-packages/opengate_core.libs/libG4intercoms-d770af8d.so
7f1c282e0000-7f1c2832a000 r-xp 0000f000 103:05 15080565                  /home/jericho/anaconda3/envs/opengate_env/lib/python3.9/site-packages/opengate_core.libs/libG4intercoms-d770af8d.so
7f1c2832a000-7f1c28339000 r--p 00059000 103:05 15080565                  /home/jericho/anaconda3/envs/opengate_env/lib/python3.9/site-packages/opengate_core.libs/libG4intercoms-d770af8d.so
7f1c28339000-7f1c2833a000 ---p 00068000 103:05 15080565                  /home/jericho/anaconda3/envs/opengate_env/lib/python3.9/site-packages/opengate_core.libs/libG4intercoms-d770af8d.so
7f1c2833a000-7f1c2833b000 r--p 00068000 103:05 15080565                  /home/jericho/anaconda3/envs/opengate_env/lib/python3.9/site-packages/opengate_core.libs/libG4intercoms-d770af8d.so
7f1c2833b000-7f1c2833c000 rw-p 00069000 103:05 15080565                  /home/jericho/anaconda3/envs/opengate_env/lib/python3.9/site-packages/opengate_core.libs/libG4intercoms-d770af8d.so
7f1c2833c000-7f1c28351000 rw-p 00079000 103:05 15080565                  /home/jericho/anaconda3/envs/opengate_env/lib/python3.9/site-packages/opengate_core.libs/libG4intercoms-d770af8d.so
7f1c28351000-7f1c28380000 r--p 00000000 103:05 15080494                  /home/jericho/anaconda3/envs/opengate_env/lib/python3.9/site-packages/opengate_core.libs/libG4particles-a2ab1706.so
7f1c28380000-7f1c2843f000 r-xp 0002f000 103:05 15080494                  /home/jericho/anaconda3/envs/opengate_env/lib/python3.9/site-packages/opengate_core.libs/libG4particles-a2ab1706.so
7f1c2843f000-7f1c2849e000 r--p 000ee000 103:05 15080494                  /home/jericho/anaconda3/envs/opengate_env/lib/python3.9/site-packages/opengate_core.libs/libG4particles-a2ab1706.so
7f1c2849e000-7f1c2849f000 ---p 0014d000 103:05 15080494                  /home/jericho/anaconda3/envs/opengate_env/lib/python3.9/site-packages/opengate_core.libs/libG4particles-a2ab1706.so
7f1c2849f000-7f1c284a2000 r--p 0014d000 103:05 15080494                  /home/jericho/anaconda3/envs/opengate_env/lib/python3.9/site-packages/opengate_core.libs/libG4particles-a2ab1706.so
7f1c284a2000-7f1c284a4000 rw-p 00150000 103:05 15080494                  /home/jericho/anaconda3/envs/opengate_env/lib/python3.9/site-packages/opengate_core.libs/libG4particles-a2ab1706.so
7f1c284a4000-7f1c284a6000 rw-p 00000000 00:00 0 
7f1c284a6000-7f1c284e5000 rw-p 00180000 103:05 15080494                  /home/jericho/anaconda3/envs/opengate_env/lib/python3.9/site-packages/opengate_core.libs/libG4particles-a2ab1706.so
7f1c284e5000-7f1c284fa000 r--p 00000000 103:05 15080558                  /home/jericho/anaconda3/envs/opengate_env/lib/python3.9/site-packages/opengate_core.libs/libG4materials-0a3fe0e7.so
7f1c284fa000-7f1c28596000 r-xp 00015000 103:05 15080558                  /home/jericho/anaconda3/envs/opengate_env/lib/python3.9/site-packages/opengate_core.libs/libG4materials-0a3fe0e7.so
7f1c28596000-7f1c285dd000 r--p 000b1000 103:05 15080558                  /home/jericho/anaconda3/envs/opengate_env/lib/python3.9/site-packages/opengate_core.libs/libG4materials-0a3fe0e7.so
7f1c285dd000-7f1c285de000 ---p 000f8000 103:05 15080558                  /home/jericho/anaconda3/envs/opengate_env/lib/python3.9/site-packages/opengate_core.libs/libG4materials-0a3fe0e7.so
7f1c285de000-7f1c285df000 r--p 000f8000 103:05 15080558                  /home/jericho/anaconda3/envs/opengate_env/lib/python3.9/site-packages/opengate_core.libs/libG4materials-0a3fe0e7.so
7f1c285df000-7f1c285e0000 rw-p 000f9000 103:05 15080558                  /home/jericho/anaconda3/envs/opengate_env/lib/python3.9/site-packages/opengate_core.libs/libG4materials-0a3fe0e7.so
7f1c285e0000-7f1c285e1000 rw-p 00000000 00:00 0 
7f1c285e1000-7f1c28600000 rw-p 0010f000 103:05 15080558                  /home/jericho/anaconda3/envs/opengate_env/lib/python3.9/site-packages/opengate_core.libs/libG4materials-0a3fe0e7.so
7f1c28600000-7f1c28759000 r--p 00000000 103:05 15080559                  /home/jericho/anaconda3/envs/opengate_env/lib/python3.9/site-packages/opengate_core.libs/libG4analysis-58c18685.so
7f1c28759000-7f1c28acc000 r-xp 00159000 103:05 15080559                  /home/jericho/anaconda3/envs/opengate_env/lib/python3.9/site-packages/opengate_core.libs/libG4analysis-58c18685.so
7f1c28acc000-7f1c28b86000 r--p 004cc000 103:05 15080559                  /home/jericho/anaconda3/envs/opengate_env/lib/python3.9/site-packages/opengate_core.libs/libG4analysis-58c18685.so
7f1c28b86000-7f1c28bab000 r--p 00585000 103:05 15080559                  /home/jericho/anaconda3/envs/opengate_env/lib/python3.9/site-packages/opengate_core.libs/libG4analysis-58c18685.so
7f1c28bab000-7f1c28baf000 rw-p 005aa000 103:05 15080559                  /home/jericho/anaconda3/envs/opengate_env/lib/python3.9/site-packages/opengate_core.libs/libG4analysis-58c18685.so
7f1c28baf000-7f1c28bb2000 rw-p 00000000 00:00 0 
7f1c28bb2000-7f1c28d96000 rw-p 006a7000 103:05 15080559                  /home/jericho/anaconda3/envs/opengate_env/lib/python3.9/site-packages/opengate_core.libs/libG4analysis-58c18685.so
7f1c28dd1000-7f1c28dde000 r--p 00000000 103:05 6961268                   /usr/lib/jvm/java-8-openjdk-amd64/jre/lib/amd64/libjava.so
7f1c28dde000-7f1c28df6000 r-xp 0000d000 103:05 6961268                   /usr/lib/jvm/java-8-openjdk-amd64/jre/lib/amd64/libjava.so
7f1c28df6000-7f1c28dfd000 r--p 00025000 103:05 6961268                   /usr/lib/jvm/java-8-openjdk-amd64/jre/lib/amd64/libjava.so
7f1c28dfd000-7f1c28dfe000 r--p 0002b000 103:05 6961268                   /usr/lib/jvm/java-8-openjdk-amd64/jre/lib/amd64/libjava.so
7f1c28dfe000-7f1c28e00000 rw-p 0002c000 103:05 6961268                   /usr/lib/jvm/java-8-openjdk-amd64/jre/lib/amd64/libjava.so
7f1c28e00000-7f1c28e28000 r--p 00000000 103:05 6293606                   /usr/lib/x86_64-linux-gnu/libc.so.6
7f1c28e28000-7f1c28fbd000 r-xp 00028000 103:05 6293606                   /usr/lib/x86_64-linux-gnu/libc.so.6
7f1c28fbd000-7f1c29015000 r--p 001bd000 103:05 6293606                   /usr/lib/x86_64-linux-gnu/libc.so.6
7f1c29015000-7f1c29019000 r--p 00214000 103:05 6293606                   /usr/lib/x86_64-linux-gnu/libc.so.6
7f1c29019000-7f1c2901b000 rw-p 00218000 103:05 6293606                   /usr/lib/x86_64-linux-gnu/libc.so.6
7f1c2901b000-7f1c29028000 rw-p 00000000 00:00 0 
7f1c29029000-7f1c2902c000 r--p 00000000 103:05 6961287                   /usr/lib/jvm/java-8-openjdk-amd64/jre/lib/amd64/libzip.so
7f1c2902c000-7f1c29031000 r-xp 00003000 103:05 6961287                   /usr/lib/jvm/java-8-openjdk-amd64/jre/lib/amd64/libzip.so
7f1c29031000-7f1c29033000 r--p 00008000 103:05 6961287                   /usr/lib/jvm/java-8-openjdk-amd64/jre/lib/amd64/libzip.so
7f1c29033000-7f1c29034000 r--p 00009000 103:05 6961287                   /usr/lib/jvm/java-8-openjdk-amd64/jre/lib/amd64/libzip.so
7f1c29034000-7f1c29035000 rw-p 0000a000 103:05 6961287                   /usr/lib/jvm/java-8-openjdk-amd64/jre/lib/amd64/libzip.so
7f1c29035000-7f1c2903d000 rw-s 00000000 103:05 12058724                  /tmp/hsperfdata_jericho/165317
7f1c2903d000-7f1c2903e000 r--p 00000000 103:05 6293655                   /usr/lib/x86_64-linux-gnu/librt.so.1
7f1c2903e000-7f1c2903f000 r-xp 00001000 103:05 6293655                   /usr/lib/x86_64-linux-gnu/librt.so.1
7f1c2903f000-7f1c29040000 r--p 00002000 103:05 6293655                   /usr/lib/x86_64-linux-gnu/librt.so.1
7f1c29040000-7f1c29041000 r--p 00002000 103:05 6293655                   /usr/lib/x86_64-linux-gnu/librt.so.1
7f1c29041000-7f1c29042000 rw-p 00003000 103:05 6293655                   /usr/lib/x86_64-linux-gnu/librt.so.1
7f1c29042000-7f1c29074000 rw-p 00000000 00:00 0 
7f1c29074000-7f1c29076000 r--p 00000000 103:05 6319961                   /usr/lib/x86_64-linux-gnu/libz.so.1.2.11
7f1c29076000-7f1c29087000 r-xp 00002000 103:05 6319961                   /usr/lib/x86_64-linux-gnu/libz.so.1.2.11
7f1c29087000-7f1c2908d000 r--p 00013000 103:05 6319961                   /usr/lib/x86_64-linux-gnu/libz.so.1.2.11
7f1c2908d000-7f1c2908e000 ---p 00019000 103:05 6319961                   /usr/lib/x86_64-linux-gnu/libz.so.1.2.11
7f1c2908e000-7f1c2908f000 r--p 00019000 103:05 6319961                   /usr/lib/x86_64-linux-gnu/libz.so.1.2.11
7f1c2908f000-7f1c29090000 rw-p 0001a000 103:05 6319961                   /usr/lib/x86_64-linux-gnu/libz.so.1.2.11
7f1c29090000-7f1c290a7000 r--p 00000000 103:05 15080491                  /home/jericho/anaconda3/envs/opengate_env/lib/python3.9/site-packages/opengate_core.libs/libG4graphics_reps-f3db01e8.so
7f1c290a7000-7f1c290d5000 r-xp 00017000 103:05 15080491                  /home/jericho/anaconda3/envs/opengate_env/lib/python3.9/site-packages/opengate_core.libs/libG4graphics_reps-f3db01e8.so
7f1c290d5000-7f1c290e0000 r--p 00045000 103:05 15080491                  /home/jericho/anaconda3/envs/opengate_env/lib/python3.9/site-packages/opengate_core.libs/libG4graphics_reps-f3db01e8.so
7f1c290e0000-7f1c290e1000 ---p 00050000 103:05 15080491                  /home/jericho/anaconda3/envs/opengate_env/lib/python3.9/site-packages/opengate_core.libs/libG4graphics_reps-f3db01e8.so
7f1c290e1000-7f1c290e3000 r--p 00050000 103:05 15080491                  /home/jericho/anaconda3/envs/opengate_env/lib/python3.9/site-packages/opengate_core.libs/libG4graphics_reps-f3db01e8.so
7f1c290e3000-7f1c290e4000 rw-p 00052000 103:05 15080491                  /home/jericho/anaconda3/envs/opengate_env/lib/python3.9/site-packages/opengate_core.libs/libG4graphics_reps-f3db01e8.so
7f1c290e4000-7f1c290e5000 rw-p 00000000 00:00 0 
7f1c290e5000-7f1c29101000 rw-p 00065000 103:05 15080491                  /home/jericho/anaconda3/envs/opengate_env/lib/python3.9/site-packages/opengate_core.libs/libG4graphics_reps-f3db01e8.so
7f1c29101000-7f1c29127000 r--p 00000000 103:05 15080571                  /home/jericho/anaconda3/envs/opengate_env/lib/python3.9/site-packages/opengate_core.libs/libG4digits_hits-49ed91d8.so
7f1c29127000-7f1c291aa000 r-xp 00026000 103:05 15080571                  /home/jericho/anaconda3/envs/opengate_env/lib/python3.9/site-packages/opengate_core.libs/libG4digits_hits-49ed91d8.so
7f1c291aa000-7f1c291c7000 r--p 000a9000 103:05 15080571                  /home/jericho/anaconda3/envs/opengate_env/lib/python3.9/site-packages/opengate_core.libs/libG4digits_hits-49ed91d8.so
7f1c291c7000-7f1c291c8000 ---p 000c6000 103:05 15080571                  /home/jericho/anaconda3/envs/opengate_env/lib/python3.9/site-packages/opengate_core.libs/libG4digits_hits-49ed91d8.so
7f1c291c8000-7f1c291cb000 r--p 000c6000 103:05 15080571                  /home/jericho/anaconda3/envs/opengate_env/lib/python3.9/site-packages/opengate_core.libs/libG4digits_hits-49ed91d8.so
7f1c291cb000-7f1c291cd000 rw-p 000c9000 103:05 15080571                  /home/jericho/anaconda3/envs/opengate_env/lib/python3.9/site-packages/opengate_core.libs/libG4digits_hits-49ed91d8.so
7f1c291cd000-7f1c291d0000 rw-p 00000000 00:00 0 
7f1c291d0000-7f1c29200000 rw-p 000ef000 103:05 15080571                  /home/jericho/anaconda3/envs/opengate_env/lib/python3.9/site-packages/opengate_core.libs/libG4digits_hits-49ed91d8.so
7f1c29200000-7f1c29292000 r--p 00000000 103:05 15080506                  /home/jericho/anaconda3/envs/opengate_env/lib/python3.9/site-packages/opengate_core.libs/libG4geometry-0c687114.so
7f1c29292000-7f1c29492000 r-xp 00092000 103:05 15080506                  /home/jericho/anaconda3/envs/opengate_env/lib/python3.9/site-packages/opengate_core.libs/libG4geometry-0c687114.so
7f1c29492000-7f1c294f0000 r--p 00292000 103:05 15080506                  /home/jericho/anaconda3/envs/opengate_env/lib/python3.9/site-packages/opengate_core.libs/libG4geometry-0c687114.so
7f1c294f0000-7f1c294fb000 r--p 002ef000 103:05 15080506                  /home/jericho/anaconda3/envs/opengate_env/lib/python3.9/site-packages/opengate_core.libs/libG4geometry-0c687114.so
7f1c294fb000-7f1c294ff000 rw-p 002fa000 103:05 15080506                  /home/jericho/anaconda3/envs/opengate_env/lib/python3.9/site-packages/opengate_core.libs/libG4geometry-0c687114.so
7f1c294ff000-7f1c29507000 rw-p 00000000 00:00 0 
7f1c29507000-7f1c295d1000 rw-p 00381000 103:05 15080506                  /home/jericho/anaconda3/envs/opengate_env/lib/python3.9/site-packages/opengate_core.libs/libG4geometry-0c687114.so
7f1c295d2000-7f1c295e0000 rw-p 00000000 00:00 0 
7f1c295e0000-7f1c295e3000 r--p 00000000 103:05 6318903                   /usr/lib/x86_64-linux-gnu/libgcc_s.so.1
7f1c295e3000-7f1c295fa000 r-xp 00003000 103:05 6318903                   /usr/lib/x86_64-linux-gnu/libgcc_s.so.1
7f1c295fa000-7f1c295fe000 r--p 0001a000 103:05 6318903                   /usr/lib/x86_64-linux-gnu/libgcc_s.so.1
7f1c295fe000-7f1c295ff000 r--p 0001d000 103:05 6318903                   /usr/lib/x86_64-linux-gnu/libgcc_s.so.1
7f1c295ff000-7f1c29600000 rw-p 0001e000 103:05 6318903                   /usr/lib/x86_64-linux-gnu/libgcc_s.so.1
7f1c29600000-7f1c29980000 r--p 00000000 103:05 15080488                  /home/jericho/anaconda3/envs/opengate_env/lib/python3.9/site-packages/opengate_core.libs/libG4processes-92d9f07e.so
7f1c29980000-7f1c2a68f000 r-xp 00380000 103:05 15080488                  /home/jericho/anaconda3/envs/opengate_env/lib/python3.9/site-packages/opengate_core.libs/libG4processes-92d9f07e.so
7f1c2a68f000-7f1c2adb3000 r--p 0108f000 103:05 15080488                  /home/jericho/anaconda3/envs/opengate_env/lib/python3.9/site-packages/opengate_core.libs/libG4processes-92d9f07e.so
7f1c2adb3000-7f1c2adb4000 ---p 017b3000 103:05 15080488                  /home/jericho/anaconda3/envs/opengate_env/lib/python3.9/site-packages/opengate_core.libs/libG4processes-92d9f07e.so
7f1c2adb4000-7f1c2ae38000 r--p 017b3000 103:05 15080488                  /home/jericho/anaconda3/envs/opengate_env/lib/python3.9/site-packages/opengate_core.libs/libG4processes-92d9f07e.so
7f1c2ae38000-7f1c2b054000 rw-p 01837000 103:05 15080488                  /home/jericho/anaconda3/envs/opengate_env/lib/python3.9/site-packages/opengate_core.libs/libG4processes-92d9f07e.so
7f1c2b054000-7f1c2b121000 rw-p 00000000 00:00 0 
7f1c2b121000-7f1c2b55f000 rw-p 01d40000 103:05 15080488                  /home/jericho/anaconda3/envs/opengate_env/lib/python3.9/site-packages/opengate_core.libs/libG4processes-92d9f07e.so
7f1c2b560000-7f1c2b567000 rw-p 00000000 00:00 0 
7f1c2b567000-7f1c2b568000 r--p 00000000 103:05 6293649                   /usr/lib/x86_64-linux-gnu/libpthread.so.0
7f1c2b568000-7f1c2b569000 r-xp 00001000 103:05 6293649                   /usr/lib/x86_64-linux-gnu/libpthread.so.0
7f1c2b569000-7f1c2b56a000 r--p 00002000 103:05 6293649                   /usr/lib/x86_64-linux-gnu/libpthread.so.0
7f1c2b56a000-7f1c2b56b000 r--p 00002000 103:05 6293649                   /usr/lib/x86_64-linux-gnu/libpthread.so.0
7f1c2b56b000-7f1c2b56c000 rw-p 00003000 103:05 6293649                   /usr/lib/x86_64-linux-gnu/libpthread.so.0
7f1c2b56c000-7f1c2b582000 r--p 00000000 103:05 15080492                  /home/jericho/anaconda3/envs/opengate_env/lib/python3.9/site-packages/opengate_core.libs/libG4ptl-124ac18e.so.2.3.3
7f1c2b582000-7f1c2b59f000 r-xp 00016000 103:05 15080492                  /home/jericho/anaconda3/envs/opengate_env/lib/python3.9/site-packages/opengate_core.libs/libG4ptl-124ac18e.so.2.3.3
7f1c2b59f000-7f1c2b5aa000 r--p 00033000 103:05 15080492                  /home/jericho/anaconda3/envs/opengate_env/lib/python3.9/site-packages/opengate_core.libs/libG4ptl-124ac18e.so.2.3.3
7f1c2b5aa000-7f1c2b5ab000 ---p 0003e000 103:05 15080492                  /home/jericho/anaconda3/envs/opengate_env/lib/python3.9/site-packages/opengate_core.libs/libG4ptl-124ac18e.so.2.3.3
7f1c2b5ab000-7f1c2b5ac000 r--p 0003e000 103:05 15080492                  /home/jericho/anaconda3/envs/opengate_env/lib/python3.9/site-packages/opengate_core.libs/libG4ptl-124ac18e.so.2.3.3
7f1c2b5ac000-7f1c2b5ad000 rw-p 0003f000 103:05 15080492                  /home/jericho/anaconda3/envs/opengate_env/lib/python3.9/site-packages/opengate_core.libs/libG4ptl-124ac18e.so.2.3.3
7f1c2b5ad000-7f1c2b5b9000 rw-p 00059000 103:05 15080492                  /home/jericho/anaconda3/envs/opengate_env/lib/python3.9/site-packages/opengate_core.libs/libG4ptl-124ac18e.so.2.3.3
7f1c2b5b9000-7f1c2b5bb000 rw-p 00000000 00:00 0 
7f1c2b5bb000-7f1c2b5be000 r--p 00000000 103:05 15080479                  /home/jericho/anaconda3/envs/opengate_env/lib/python3.9/site-packages/opengate_core.libs/libG4zlib-8a92f4d5.so
7f1c2b5be000-7f1c2b5d0000 r-xp 00003000 103:05 15080479                  /home/jericho/anaconda3/envs/opengate_env/lib/python3.9/site-packages/opengate_core.libs/libG4zlib-8a92f4d5.so
7f1c2b5d0000-7f1c2b5d7000 r--p 00015000 103:05 15080479                  /home/jericho/anaconda3/envs/opengate_env/lib/python3.9/site-packages/opengate_core.libs/libG4zlib-8a92f4d5.so
7f1c2b5d7000-7f1c2b5d8000 r--p 0001b000 103:05 15080479                  /home/jericho/anaconda3/envs/opengate_env/lib/python3.9/site-packages/opengate_core.libs/libG4zlib-8a92f4d5.so
7f1c2b5d8000-7f1c2b5d9000 rw-p 0001c000 103:05 15080479                  /home/jericho/anaconda3/envs/opengate_env/lib/python3.9/site-packages/opengate_core.libs/libG4zlib-8a92f4d5.so
7f1c2b5d9000-7f1c2b5da000 rw-p 0001f000 103:05 15080479                  /home/jericho/anaconda3/envs/opengate_env/lib/python3.9/site-packages/opengate_core.libs/libG4zlib-8a92f4d5.so
7f1c2b5da000-7f1c2b5dc000 rw-p 00000000 00:00 0 
7f1c2b5dc000-7f1c2b5e5000 r--p 00000000 103:05 15080564                  /home/jericho/anaconda3/envs/opengate_env/lib/python3.9/site-packages/opengate_core.libs/libG4track-0f17a637.so
7f1c2b5e5000-7f1c2b5f2000 r-xp 00009000 103:05 15080564                  /home/jericho/anaconda3/envs/opengate_env/lib/python3.9/site-packages/opengate_core.libs/libG4track-0f17a637.so
7f1c2b5f2000-7f1c2b5f6000 r--p 00016000 103:05 15080564                  /home/jericho/anaconda3/envs/opengate_env/lib/python3.9/site-packages/opengate_core.libs/libG4track-0f17a637.so
7f1c2b5f6000-7f1c2b5f7000 ---p 0001a000 103:05 15080564                  /home/jericho/anaconda3/envs/opengate_env/lib/python3.9/site-packages/opengate_core.libs/libG4track-0f17a637.so
7f1c2b5f7000-7f1c2b5f8000 r--p 0001a000 103:05 15080564                  /home/jericho/anaconda3/envs/opengate_env/lib/python3.9/site-packages/opengate_core.libs/libG4track-0f17a637.so
7f1c2b5f8000-7f1c2b5f9000 rw-p 0001b000 103:05 15080564                  /home/jericho/anaconda3/envs/opengate_env/lib/python3.9/site-packages/opengate_core.libs/libG4track-0f17a637.so
7f1c2b5f9000-7f1c2b605000 rw-p 00023000 103:05 15080564                  /home/jericho/anaconda3/envs/opengate_env/lib/python3.9/site-packages/opengate_core.libs/libG4track-0f17a637.so
7f1c2b605000-7f1c2b609000 r--p 00000000 103:05 6318826                   /usr/lib/x86_64-linux-gnu/libexpat.so.1.8.7
7f1c2b609000-7f1c2b628000 r-xp 00004000 103:05 6318826                   /usr/lib/x86_64-linux-gnu/libexpat.so.1.8.7
7f1c2b628000-7f1c2b632000 r--p 00023000 103:05 6318826                   /usr/lib/x86_64-linux-gnu/libexpat.so.1.8.7
7f1c2b632000-7f1c2b633000 ---p 0002d000 103:05 6318826                   /usr/lib/x86_64-linux-gnu/libexpat.so.1.8.7
7f1c2b633000-7f1c2b635000 r--p 0002d000 103:05 6318826                   /usr/lib/x86_64-linux-gnu/libexpat.so.1.8.7
7f1c2b635000-7f1c2b636000 rw-p 0002f000 103:05 6318826                   /usr/lib/x86_64-linux-gnu/libexpat.so.1.8.7
7f1c2b636000-7f1c2b639000 rw-p 00000000 00:00 0 
7f1c2b639000-7f1c2b63e000 r--p 00000000 103:05 6961286                   /usr/lib/jvm/java-8-openjdk-amd64/jre/lib/amd64/libverify.so
7f1c2b63e000-7f1c2b647000 r-xp 00005000 103:05 6961286                   /usr/lib/jvm/java-8-openjdk-amd64/jre/lib/amd64/libverify.so
7f1c2b647000-7f1c2b649000 r--p 0000e000 103:05 6961286                   /usr/lib/jvm/java-8-openjdk-amd64/jre/lib/amd64/libverify.so
7f1c2b649000-7f1c2b64b000 r--p 0000f000 103:05 6961286                   /usr/lib/jvm/java-8-openjdk-amd64/jre/lib/amd64/libverify.so
7f1c2b64b000-7f1c2b64c000 rw-p 00011000 103:05 6961286                   /usr/lib/jvm/java-8-openjdk-amd64/jre/lib/amd64/libverify.so
7f1c2b64c000-7f1c2b64f000 r--p 00000000 103:05 6961254                   /usr/lib/jvm/java-8-openjdk-amd64/jre/lib/amd64/jli/libjli.so
7f1c2b64f000-7f1c2b658000 r-xp 00003000 103:05 6961254                   /usr/lib/jvm/java-8-openjdk-amd64/jre/lib/amd64/jli/libjli.so
7f1c2b658000-7f1c2b65b000 r--p 0000c000 103:05 6961254                   /usr/lib/jvm/java-8-openjdk-amd64/jre/lib/amd64/jli/libjli.so
7f1c2b65b000-7f1c2b65c000 r--p 0000e000 103:05 6961254                   /usr/lib/jvm/java-8-openjdk-amd64/jre/lib/amd64/jli/libjli.so
7f1c2b65c000-7f1c2b65d000 rw-p 0000f000 103:05 6961254                   /usr/lib/jvm/java-8-openjdk-amd64/jre/lib/amd64/jli/libjli.so
7f1c2b65d000-7f1c2b65f000 rw-p 00000000 00:00 0 
7f1c2b65f000-7f1c2b661000 r--p 00000000 103:05 6293598                   /usr/lib/x86_64-linux-gnu/ld-linux-x86-64.so.2
7f1c2b661000-7f1c2b68b000 r-xp 00002000 103:05 6293598                   /usr/lib/x86_64-linux-gnu/ld-linux-x86-64.so.2
7f1c2b68b000-7f1c2b696000 r--p 0002c000 103:05 6293598                   /usr/lib/x86_64-linux-gnu/ld-linux-x86-64.so.2
7f1c2b696000-7f1c2b697000 r--p 00000000 00:00 0 
7f1c2b697000-7f1c2b699000 r--p 00037000 103:05 6293598                   /usr/lib/x86_64-linux-gnu/ld-linux-x86-64.so.2
7f1c2b699000-7f1c2b69b000 rw-p 00039000 103:05 6293598                   /usr/lib/x86_64-linux-gnu/ld-linux-x86-64.so.2
7ffcfce50000-7ffcfce53000 ---p 00000000 00:00 0 
7ffcfce53000-7ffcfcf50000 rw-p 00000000 00:00 0                          [stack]
7ffcfcfc5000-7ffcfcfc9000 r--p 00000000 00:00 0                          [vvar]
7ffcfcfc9000-7ffcfcfcb000 r-xp 00000000 00:00 0                          [vdso]
ffffffffff600000-ffffffffff601000 --xp 00000000 00:00 0                  [vsyscall]

VM Arguments:
jvm_args: -Xmx1172m 
java_command: ij.ImageJ -ijpath /home/jericho/.imagej -port1 rojection.png
java_class_path (initial): /usr/share/java/ij.jar
Launcher Type: SUN_STANDARD

Environment Variables:
PATH=/home/jericho/anaconda3/envs/opengate_env/bin:/home/jericho/anaconda3/condabin:/usr/local/sbin:/usr/local/bin:/usr/sbin:/usr/bin:/sbin:/bin:/usr/games:/usr/local/games:/snap/bin:/snap/bin
USERNAME=jericho
LD_LIBRARY_PATH=/home/jericho/anaconda3/envs/opengate_env/lib/python3.9/site-packages/opengate_core.libs:/home/jericho/anaconda3/envs/opengate_env/lib/python3.9/site-packages/opengate_core.libs::YOUR_PATH/GGEMS_install/ggems/lib:/usr/local/ggems/lib:/usr/local/ggems/lib
LD_PRELOAD=/home/jericho/anaconda3/envs/opengate_env/lib/python3.9/site-packages/opengate_core.libs/libG4processes-92d9f07e.so:/home/jericho/anaconda3/envs/opengate_env/lib/python3.9/site-packages/opengate_core.libs/libG4geometry-0c687114.so:/home/jericho/anaconda3/envs/opengate_env/lib/python3.9/site-packages/opengate_core.libs/libG4processes-92d9f07e.so:/home/jericho/anaconda3/envs/opengate_env/lib/python3.9/site-packages/opengate_core.libs/libG4geometry-0c687114.so:
SHELL=/bin/bash
DISPLAY=:0

Signal Handlers:
SIGSEGV: [libjvm.so+0xb3f5e0], sa_mask[0]=11111111011111111101111111111110, sa_flags=SA_RESTART|SA_SIGINFO
SIGBUS: [libjvm.so+0xb3f5e0], sa_mask[0]=11111111011111111101111111111110, sa_flags=SA_RESTART|SA_SIGINFO
SIGFPE: [libjvm.so+0x97dee0], sa_mask[0]=11111111011111111101111111111110, sa_flags=SA_RESTART|SA_SIGINFO
SIGPIPE: [libjvm.so+0x97dee0], sa_mask[0]=11111111011111111101111111111110, sa_flags=SA_RESTART|SA_SIGINFO
SIGXFSZ: [libjvm.so+0x97dee0], sa_mask[0]=11111111011111111101111111111110, sa_flags=SA_RESTART|SA_SIGINFO
SIGILL: [libjvm.so+0x97dee0], sa_mask[0]=11111111011111111101111111111110, sa_flags=SA_RESTART|SA_SIGINFO
SIGUSR1: SIG_DFL, sa_mask[0]=00000000000000000000000000000000, sa_flags=none
SIGUSR2: [libjvm.so+0x97e210], sa_mask[0]=00000000000000000000000000000000, sa_flags=SA_RESTART|SA_SIGINFO
SIGHUP: SIG_DFL, sa_mask[0]=00000000000000000000000000000000, sa_flags=none
SIGINT: SIG_DFL, sa_mask[0]=00000000000000000000000000000000, sa_flags=none
SIGTERM: SIG_DFL, sa_mask[0]=00000000000000000000000000000000, sa_flags=none
SIGQUIT: SIG_DFL, sa_mask[0]=00000000000000000000000000000000, sa_flags=none


---------------  S Y S T E M  ---------------

OS:DISTRIB_ID=Ubuntu
DISTRIB_RELEASE=22.04
DISTRIB_CODENAME=jammy
DISTRIB_DESCRIPTION="Ubuntu 22.04.3 LTS"

uname:Linux 6.2.0-34-generic #34~22.04.1-Ubuntu SMP PREEMPT_DYNAMIC Thu Sep  7 13:12:03 UTC 2 x86_64
libc:glibc 2.35 NPTL 2.35 
rlimit: STACK 8192k, CORE 0k, NPROC 28140, NOFILE 1048576, AS infinity
load average:1.24 0.97 0.83

/proc/meminfo:
MemTotal:        7280456 kB
MemFree:          443424 kB
MemAvailable:    1798716 kB
Buffers:          102376 kB
Cached:          1464088 kB
SwapCached:        69844 kB
Active:          2444712 kB
Inactive:        2729580 kB
Active(anon):    1339568 kB
Inactive(anon):  2352896 kB
Active(file):    1105144 kB
Inactive(file):   376684 kB
Unevictable:          48 kB
Mlocked:              48 kB
SwapTotal:       2097148 kB
SwapFree:         275776 kB
Zswap:                 0 kB
Zswapped:              0 kB
Dirty:               932 kB
Writeback:             0 kB
AnonPages:       3540268 kB
Mapped:           640668 kB
Shmem:             85412 kB
KReclaimable:     219452 kB
Slab:             635276 kB
SReclaimable:     219452 kB
SUnreclaim:       415824 kB
KernelStack:       28640 kB
PageTables:        74892 kB
SecPageTables:         0 kB
NFS_Unstable:          0 kB
Bounce:                0 kB
WritebackTmp:          0 kB
CommitLimit:     5737376 kB
Committed_AS:   15784856 kB
VmallocTotal:   34359738367 kB
VmallocUsed:      156352 kB
VmallocChunk:          0 kB
Percpu:            14208 kB
HardwareCorrupted:     0 kB
AnonHugePages:         0 kB
ShmemHugePages:        0 kB
ShmemPmdMapped:        0 kB
FileHugePages:         0 kB
FilePmdMapped:         0 kB
HugePages_Total:       0
HugePages_Free:        0
HugePages_Rsvd:        0
HugePages_Surp:        0
Hugepagesize:       2048 kB
Hugetlb:               0 kB
DirectMap4k:     3838908 kB
DirectMap2M:     3702784 kB
DirectMap1G:           0 kB

container (cgroup) information:
container_type: cgroupv2
cpu_cpuset_cpus: failed
cpu_memory_nodes: failed
active_processor_count: 16
cpu_quota: -2
cpu_period: -2
cpu_shares: -2
memory_limit_in_bytes: -1
memory_and_swap_limit_in_bytes: -1
memory_soft_limit_in_bytes: 0
memory_usage_in_bytes: 1922252800
memory_max_usage_in_bytes: -2


CPU:total 16 (initial active 16) (16 cores per cpu, 1 threads per core) family 25 model 116 stepping 1, cmov, cx8, fxsr, mmx, sse, sse2, sse3, ssse3, sse4.1, sse4.2, popcnt, avx, avx2, aes, clmul, erms, mmxext, 3dnowpref, lzcnt, sse4a, tsc, tscinvbit, tscinv, bmi1

/proc/cpuinfo:
processor	: 0
vendor_id	: AuthenticAMD
cpu family	: 25
model		: 116
model name	: AMD Ryzen 7 7840HS w/ Radeon 780M Graphics
stepping	: 1
microcode	: 0xa704101
cpu MHz		: 1958.178
cache size	: 1024 KB
physical id	: 0
siblings	: 16
core id		: 0
cpu cores	: 8
apicid		: 0
initial apicid	: 0
fpu		: yes
fpu_exception	: yes
cpuid level	: 16
wp		: yes
flags		: fpu vme de pse tsc msr pae mce cx8 apic sep mtrr pge mca cmov pat pse36 clflush mmx fxsr sse sse2 ht syscall nx mmxext fxsr_opt pdpe1gb rdtscp lm constant_tsc rep_good amd_lbr_v2 nopl nonstop_tsc cpuid extd_apicid aperfmperf rapl pni pclmulqdq monitor ssse3 fma cx16 sse4_1 sse4_2 x2apic movbe popcnt aes xsave avx f16c rdrand lahf_lm cmp_legacy svm extapic cr8_legacy abm sse4a misalignsse 3dnowprefetch osvw ibs skinit wdt tce topoext perfctr_core perfctr_nb bpext perfctr_llc mwaitx cpb cat_l3 cdp_l3 hw_pstate ssbd mba perfmon_v2 ibrs ibpb stibp vmmcall fsgsbase bmi1 avx2 smep bmi2 erms invpcid cqm rdt_a avx512f avx512dq rdseed adx smap avx512ifma clflushopt clwb avx512cd sha_ni avx512bw avx512vl xsaveopt xsavec xgetbv1 xsaves cqm_llc cqm_occup_llc cqm_mbm_total cqm_mbm_local avx512_bf16 clzero irperf xsaveerptr rdpru wbnoinvd cppc arat npt lbrv svm_lock nrip_save tsc_scale vmcb_clean flushbyasid decodeassists pausefilter pfthreshold v_vmsave_vmload vgif x2avic v_spec_ctrl avx512vbmi umip pku ospke avx512_vbmi2 gfni vaes vpclmulqdq avx512_vnni avx512_bitalg avx512_vpopcntdq rdpid overflow_recov succor smca flush_l1d
bugs		: sysret_ss_attrs spectre_v1 spectre_v2 spec_store_bypass srso
bogomips	: 7586.38
TLB size	: 3584 4K pages
clflush size	: 64
cache_alignment	: 64
address sizes	: 48 bits physical, 48 bits virtual
power management: ts ttp tm hwpstate cpb eff_freq_ro [13] [14] [15]

processor	: 1
vendor_id	: AuthenticAMD
cpu family	: 25
model		: 116
model name	: AMD Ryzen 7 7840HS w/ Radeon 780M Graphics
stepping	: 1
microcode	: 0xa704101
cpu MHz		: 1913.599
cache size	: 1024 KB
physical id	: 0
siblings	: 16
core id		: 0
cpu cores	: 8
apicid		: 1
initial apicid	: 1
fpu		: yes
fpu_exception	: yes
cpuid level	: 16
wp		: yes
flags		: fpu vme de pse tsc msr pae mce cx8 apic sep mtrr pge mca cmov pat pse36 clflush mmx fxsr sse sse2 ht syscall nx mmxext fxsr_opt pdpe1gb rdtscp lm constant_tsc rep_good amd_lbr_v2 nopl nonstop_tsc cpuid extd_apicid aperfmperf rapl pni pclmulqdq monitor ssse3 fma cx16 sse4_1 sse4_2 x2apic movbe popcnt aes xsave avx f16c rdrand lahf_lm cmp_legacy svm extapic cr8_legacy abm sse4a misalignsse 3dnowprefetch osvw ibs skinit wdt tce topoext perfctr_core perfctr_nb bpext perfctr_llc mwaitx cpb cat_l3 cdp_l3 hw_pstate ssbd mba perfmon_v2 ibrs ibpb stibp vmmcall fsgsbase bmi1 avx2 smep bmi2 erms invpcid cqm rdt_a avx512f avx512dq rdseed adx smap avx512ifma clflushopt clwb avx512cd sha_ni avx512bw avx512vl xsaveopt xsavec xgetbv1 xsaves cqm_llc cqm_occup_llc cqm_mbm_total cqm_mbm_local avx512_bf16 clzero irperf xsaveerptr rdpru wbnoinvd cppc arat npt lbrv svm_lock nrip_save tsc_scale vmcb_clean flushbyasid decodeassists pausefilter pfthreshold v_vmsave_vmload vgif x2avic v_spec_ctrl avx512vbmi umip pku ospke avx512_vbmi2 gfni vaes vpclmulqdq avx512_vnni avx512_bitalg avx512_vpopcntdq rdpid overflow_recov succor smca flush_l1d
bugs		: sysret_ss_attrs spectre_v1 spectre_v2 spec_store_bypass srso
bogomips	: 7586.38
TLB size	: 3584 4K pages
clflush size	: 64
cache_alignment	: 64
address sizes	: 48 bits physical, 48 bits virtual
power management: ts ttp tm hwpstate cpb eff_freq_ro [13] [14] [15]

processor	: 2
vendor_id	: AuthenticAMD
cpu family	: 25
model		: 116
model name	: AMD Ryzen 7 7840HS w/ Radeon 780M Graphics
stepping	: 1
microcode	: 0xa704101
cpu MHz		: 3971.329
cache size	: 1024 KB
physical id	: 0
siblings	: 16
core id		: 1
cpu cores	: 8
apicid		: 2
initial apicid	: 2
fpu		: yes
fpu_exception	: yes
cpuid level	: 16
wp		: yes
flags		: fpu vme de pse tsc msr pae mce cx8 apic sep mtrr pge mca cmov pat pse36 clflush mmx fxsr sse sse2 ht syscall nx mmxext fxsr_opt pdpe1gb rdtscp lm constant_tsc rep_good amd_lbr_v2 nopl nonstop_tsc cpuid extd_apicid aperfmperf rapl pni pclmulqdq monitor ssse3 fma cx16 sse4_1 sse4_2 x2apic movbe popcnt aes xsave avx f16c rdrand lahf_lm cmp_legacy svm extapic cr8_legacy abm sse4a misalignsse 3dnowprefetch osvw ibs skinit wdt tce topoext perfctr_core perfctr_nb bpext perfctr_llc mwaitx cpb cat_l3 cdp_l3 hw_pstate ssbd mba perfmon_v2 ibrs ibpb stibp vmmcall fsgsbase bmi1 avx2 smep bmi2 erms invpcid cqm rdt_a avx512f avx512dq rdseed adx smap avx512ifma clflushopt clwb avx512cd sha_ni avx512bw avx512vl xsaveopt xsavec xgetbv1 xsaves cqm_llc cqm_occup_llc cqm_mbm_total cqm_mbm_local avx512_bf16 clzero irperf xsaveerptr rdpru wbnoinvd cppc arat npt lbrv svm_lock nrip_save tsc_scale vmcb_clean flushbyasid decodeassists pausefilter pfthreshold v_vmsave_vmload vgif x2avic v_spec_ctrl avx512vbmi umip pku ospke avx512_vbmi2 gfni vaes vpclmulqdq avx512_vnni avx512_bitalg avx512_vpopcntdq rdpid overflow_recov succor smca flush_l1d
bugs		: sysret_ss_attrs spectre_v1 spectre_v2 spec_store_bypass srso
bogomips	: 7586.38
TLB size	: 3584 4K pages
clflush size	: 64
cache_alignment	: 64
address sizes	: 48 bits physical, 48 bits virtual
power management: ts ttp tm hwpstate cpb eff_freq_ro [13] [14] [15]

processor	: 3
vendor_id	: AuthenticAMD
cpu family	: 25
model		: 116
model name	: AMD Ryzen 7 7840HS w/ Radeon 780M Graphics
stepping	: 1
microcode	: 0xa704101
cpu MHz		: 1962.096
cache size	: 1024 KB
physical id	: 0
siblings	: 16
core id		: 1
cpu cores	: 8
apicid		: 3
initial apicid	: 3
fpu		: yes
fpu_exception	: yes
cpuid level	: 16
wp		: yes
flags		: fpu vme de pse tsc msr pae mce cx8 apic sep mtrr pge mca cmov pat pse36 clflush mmx fxsr sse sse2 ht syscall nx mmxext fxsr_opt pdpe1gb rdtscp lm constant_tsc rep_good amd_lbr_v2 nopl nonstop_tsc cpuid extd_apicid aperfmperf rapl pni pclmulqdq monitor ssse3 fma cx16 sse4_1 sse4_2 x2apic movbe popcnt aes xsave avx f16c rdrand lahf_lm cmp_legacy svm extapic cr8_legacy abm sse4a misalignsse 3dnowprefetch osvw ibs skinit wdt tce topoext perfctr_core perfctr_nb bpext perfctr_llc mwaitx cpb cat_l3 cdp_l3 hw_pstate ssbd mba perfmon_v2 ibrs ibpb stibp vmmcall fsgsbase bmi1 avx2 smep bmi2 erms invpcid cqm rdt_a avx512f avx512dq rdseed adx smap avx512ifma clflushopt clwb avx512cd sha_ni avx512bw avx512vl xsaveopt xsavec xgetbv1 xsaves cqm_llc cqm_occup_llc cqm_mbm_total cqm_mbm_local avx512_bf16 clzero irperf xsaveerptr rdpru wbnoinvd cppc arat npt lbrv svm_lock nrip_save tsc_scale vmcb_clean flushbyasid decodeassists pausefilter pfthreshold v_vmsave_vmload vgif x2avic v_spec_ctrl avx512vbmi umip pku ospke avx512_vbmi2 gfni vaes vpclmulqdq avx512_vnni avx512_bitalg avx512_vpopcntdq rdpid overflow_recov succor smca flush_l1d
bugs		: sysret_ss_attrs spectre_v1 spectre_v2 spec_store_bypass srso
bogomips	: 7586.38
TLB size	: 3584 4K pages
clflush size	: 64
cache_alignment	: 64
address sizes	: 48 bits physical, 48 bits virtual
power management: ts ttp tm hwpstate cpb eff_freq_ro [13] [14] [15]

processor	: 4
vendor_id	: AuthenticAMD
cpu family	: 25
model		: 116
model name	: AMD Ryzen 7 7840HS w/ Radeon 780M Graphics
stepping	: 1
microcode	: 0xa704101
cpu MHz		: 4300.402
cache size	: 1024 KB
physical id	: 0
siblings	: 16
core id		: 2
cpu cores	: 8
apicid		: 4
initial apicid	: 4
fpu		: yes
fpu_exception	: yes
cpuid level	: 16
wp		: yes
flags		: fpu vme de pse tsc msr pae mce cx8 apic sep mtrr pge mca cmov pat pse36 clflush mmx fxsr sse sse2 ht syscall nx mmxext fxsr_opt pdpe1gb rdtscp lm constant_tsc rep_good amd_lbr_v2 nopl nonstop_tsc cpuid extd_apicid aperfmperf rapl pni pclmulqdq monitor ssse3 fma cx16 sse4_1 sse4_2 x2apic movbe popcnt aes xsave avx f16c rdrand lahf_lm cmp_legacy svm extapic cr8_legacy abm sse4a misalignsse 3dnowprefetch osvw ibs skinit wdt tce topoext perfctr_core perfctr_nb bpext perfctr_llc mwaitx cpb cat_l3 cdp_l3 hw_pstate ssbd mba perfmon_v2 ibrs ibpb stibp vmmcall fsgsbase bmi1 avx2 smep bmi2 erms invpcid cqm rdt_a avx512f avx512dq rdseed adx smap avx512ifma clflushopt clwb avx512cd sha_ni avx512bw avx512vl xsaveopt xsavec xgetbv1 xsaves cqm_llc cqm_occup_llc cqm_mbm_total cqm_mbm_local avx512_bf16 clzero irperf xsaveerptr rdpru wbnoinvd cppc arat npt lbrv svm_lock nrip_save tsc_scale vmcb_clean flushbyasid decodeassists pausefilter pfthreshold v_vmsave_vmload vgif x2avic v_spec_ctrl avx512vbmi umip pku ospke avx512_vbmi2 gfni vaes vpclmulqdq avx512_vnni avx512_bitalg avx512_vpopcntdq rdpid overflow_recov succor smca flush_l1d
bugs		: sysret_ss_attrs spectre_v1 spectre_v2 spec_store_bypass srso
bogomips	: 7586.38
TLB size	: 3584 4K pages
clflush size	: 64
cache_alignment	: 64
address sizes	: 48 bits physical, 48 bits virtual
power management: ts ttp tm hwpstate cpb eff_freq_ro [13] [14] [15]

processor	: 5
vendor_id	: AuthenticAMD
cpu family	: 25
model		: 116
model name	: AMD Ryzen 7 7840HS w/ Radeon 780M Graphics
stepping	: 1
microcode	: 0xa704101
cpu MHz		: 2850.083
cache size	: 1024 KB
physical id	: 0
siblings	: 16
core id		: 2
cpu cores	: 8
apicid		: 5
initial apicid	: 5
fpu		: yes
fpu_exception	: yes
cpuid level	: 16
wp		: yes
flags		: fpu vme de pse tsc msr pae mce cx8 apic sep mtrr pge mca cmov pat pse36 clflush mmx fxsr sse sse2 ht syscall nx mmxext fxsr_opt pdpe1gb rdtscp lm constant_tsc rep_good amd_lbr_v2 nopl nonstop_tsc cpuid extd_apicid aperfmperf rapl pni pclmulqdq monitor ssse3 fma cx16 sse4_1 sse4_2 x2apic movbe popcnt aes xsave avx f16c rdrand lahf_lm cmp_legacy svm extapic cr8_legacy abm sse4a misalignsse 3dnowprefetch osvw ibs skinit wdt tce topoext perfctr_core perfctr_nb bpext perfctr_llc mwaitx cpb cat_l3 cdp_l3 hw_pstate ssbd mba perfmon_v2 ibrs ibpb stibp vmmcall fsgsbase bmi1 avx2 smep bmi2 erms invpcid cqm rdt_a avx512f avx512dq rdseed adx smap avx512ifma clflushopt clwb avx512cd sha_ni avx512bw avx512vl xsaveopt xsavec xgetbv1 xsaves cqm_llc cqm_occup_llc cqm_mbm_total cqm_mbm_local avx512_bf16 clzero irperf xsaveerptr rdpru wbnoinvd cppc arat npt lbrv svm_lock nrip_save tsc_scale vmcb_clean flushbyasid decodeassists pausefilter pfthreshold v_vmsave_vmload vgif x2avic v_spec_ctrl avx512vbmi umip pku ospke avx512_vbmi2 gfni vaes vpclmulqdq avx512_vnni avx512_bitalg avx512_vpopcntdq rdpid overflow_recov succor smca flush_l1d
bugs		: sysret_ss_attrs spectre_v1 spectre_v2 spec_store_bypass srso
bogomips	: 7586.38
TLB size	: 3584 4K pages
clflush size	: 64
cache_alignment	: 64
address sizes	: 48 bits physical, 48 bits virtual
power management: ts ttp tm hwpstate cpb eff_freq_ro [13] [14] [15]

processor	: 6
vendor_id	: AuthenticAMD
cpu family	: 25
model		: 116
model name	: AMD Ryzen 7 7840HS w/ Radeon 780M Graphics
stepping	: 1
microcode	: 0xa704101
cpu MHz		: 4690.808
cache size	: 1024 KB
physical id	: 0
siblings	: 16
core id		: 3
cpu cores	: 8
apicid		: 6
initial apicid	: 6
fpu		: yes
fpu_exception	: yes
cpuid level	: 16
wp		: yes
flags		: fpu vme de pse tsc msr pae mce cx8 apic sep mtrr pge mca cmov pat pse36 clflush mmx fxsr sse sse2 ht syscall nx mmxext fxsr_opt pdpe1gb rdtscp lm constant_tsc rep_good amd_lbr_v2 nopl nonstop_tsc cpuid extd_apicid aperfmperf rapl pni pclmulqdq monitor ssse3 fma cx16 sse4_1 sse4_2 x2apic movbe popcnt aes xsave avx f16c rdrand lahf_lm cmp_legacy svm extapic cr8_legacy abm sse4a misalignsse 3dnowprefetch osvw ibs skinit wdt tce topoext perfctr_core perfctr_nb bpext perfctr_llc mwaitx cpb cat_l3 cdp_l3 hw_pstate ssbd mba perfmon_v2 ibrs ibpb stibp vmmcall fsgsbase bmi1 avx2 smep bmi2 erms invpcid cqm rdt_a avx512f avx512dq rdseed adx smap avx512ifma clflushopt clwb avx512cd sha_ni avx512bw avx512vl xsaveopt xsavec xgetbv1 xsaves cqm_llc cqm_occup_llc cqm_mbm_total cqm_mbm_local avx512_bf16 clzero irperf xsaveerptr rdpru wbnoinvd cppc arat npt lbrv svm_lock nrip_save tsc_scale vmcb_clean flushbyasid decodeassists pausefilter pfthreshold v_vmsave_vmload vgif x2avic v_spec_ctrl avx512vbmi umip pku ospke avx512_vbmi2 gfni vaes vpclmulqdq avx512_vnni avx512_bitalg avx512_vpopcntdq rdpid overflow_recov succor smca flush_l1d
bugs		: sysret_ss_attrs spectre_v1 spectre_v2 spec_store_bypass srso
bogomips	: 7586.38
TLB size	: 3584 4K pages
clflush size	: 64
cache_alignment	: 64
address sizes	: 48 bits physical, 48 bits virtual
power management: ts ttp tm hwpstate cpb eff_freq_ro [13] [14] [15]

processor	: 7
vendor_id	: AuthenticAMD
cpu family	: 25
model		: 116
model name	: AMD Ryzen 7 7840HS w/ Radeon 780M Graphics
stepping	: 1
microcode	: 0xa704101
cpu MHz		: 4692.127
cache size	: 1024 KB
physical id	: 0
siblings	: 16
core id		: 3
cpu cores	: 8
apicid		: 7
initial apicid	: 7
fpu		: yes
fpu_exception	: yes
cpuid level	: 16
wp		: yes
flags		: fpu vme de pse tsc msr pae mce cx8 apic sep mtrr pge mca cmov pat pse36 clflush mmx fxsr sse sse2 ht syscall nx mmxext fxsr_opt pdpe1gb rdtscp lm constant_tsc rep_good amd_lbr_v2 nopl nonstop_tsc cpuid extd_apicid aperfmperf rapl pni pclmulqdq monitor ssse3 fma cx16 sse4_1 sse4_2 x2apic movbe popcnt aes xsave avx f16c rdrand lahf_lm cmp_legacy svm extapic cr8_legacy abm sse4a misalignsse 3dnowprefetch osvw ibs skinit wdt tce topoext perfctr_core perfctr_nb bpext perfctr_llc mwaitx cpb cat_l3 cdp_l3 hw_pstate ssbd mba perfmon_v2 ibrs ibpb stibp vmmcall fsgsbase bmi1 avx2 smep bmi2 erms invpcid cqm rdt_a avx512f avx512dq rdseed adx smap avx512ifma clflushopt clwb avx512cd sha_ni avx512bw avx512vl xsaveopt xsavec xgetbv1 xsaves cqm_llc cqm_occup_llc cqm_mbm_total cqm_mbm_local avx512_bf16 clzero irperf xsaveerptr rdpru wbnoinvd cppc arat npt lbrv svm_lock nrip_save tsc_scale vmcb_clean flushbyasid decodeassists pausefilter pfthreshold v_vmsave_vmload vgif x2avic v_spec_ctrl avx512vbmi umip pku ospke avx512_vbmi2 gfni vaes vpclmulqdq avx512_vnni avx512_bitalg avx512_vpopcntdq rdpid overflow_recov succor smca flush_l1d
bugs		: sysret_ss_attrs spectre_v1 spectre_v2 spec_store_bypass srso
bogomips	: 7586.38
TLB size	: 3584 4K pages
clflush size	: 64
cache_alignment	: 64
address sizes	: 48 bits physical, 48 bits virtual
power management: ts ttp tm hwpstate cpb eff_freq_ro [13] [14] [15]

processor	: 8
vendor_id	: AuthenticAMD
cpu family	: 25
model		: 116
model name	: AMD Ryzen 7 7840HS w/ Radeon 780M Graphics
stepping	: 1
microcode	: 0xa704101
cpu MHz		: 1876.098
cache size	: 1024 KB
physical id	: 0
siblings	: 16
core id		: 4
cpu cores	: 8
apicid		: 8
initial apicid	: 8
fpu		: yes
fpu_exception	: yes
cpuid level	: 16
wp		: yes
flags		: fpu vme de pse tsc msr pae mce cx8 apic sep mtrr pge mca cmov pat pse36 clflush mmx fxsr sse sse2 ht syscall nx mmxext fxsr_opt pdpe1gb rdtscp lm constant_tsc rep_good amd_lbr_v2 nopl nonstop_tsc cpuid extd_apicid aperfmperf rapl pni pclmulqdq monitor ssse3 fma cx16 sse4_1 sse4_2 x2apic movbe popcnt aes xsave avx f16c rdrand lahf_lm cmp_legacy svm extapic cr8_legacy abm sse4a misalignsse 3dnowprefetch osvw ibs skinit wdt tce topoext perfctr_core perfctr_nb bpext perfctr_llc mwaitx cpb cat_l3 cdp_l3 hw_pstate ssbd mba perfmon_v2 ibrs ibpb stibp vmmcall fsgsbase bmi1 avx2 smep bmi2 erms invpcid cqm rdt_a avx512f avx512dq rdseed adx smap avx512ifma clflushopt clwb avx512cd sha_ni avx512bw avx512vl xsaveopt xsavec xgetbv1 xsaves cqm_llc cqm_occup_llc cqm_mbm_total cqm_mbm_local avx512_bf16 clzero irperf xsaveerptr rdpru wbnoinvd cppc arat npt lbrv svm_lock nrip_save tsc_scale vmcb_clean flushbyasid decodeassists pausefilter pfthreshold v_vmsave_vmload vgif x2avic v_spec_ctrl avx512vbmi umip pku ospke avx512_vbmi2 gfni vaes vpclmulqdq avx512_vnni avx512_bitalg avx512_vpopcntdq rdpid overflow_recov succor smca flush_l1d
bugs		: sysret_ss_attrs spectre_v1 spectre_v2 spec_store_bypass srso
bogomips	: 7586.38
TLB size	: 3584 4K pages
clflush size	: 64
cache_alignment	: 64
address sizes	: 48 bits physical, 48 bits virtual
power management: ts ttp tm hwpstate cpb eff_freq_ro [13] [14] [15]

processor	: 9
vendor_id	: AuthenticAMD
cpu family	: 25
model		: 116
model name	: AMD Ryzen 7 7840HS w/ Radeon 780M Graphics
stepping	: 1
microcode	: 0xa704101
cpu MHz		: 2589.062
cache size	: 1024 KB
physical id	: 0
siblings	: 16
core id		: 4
cpu cores	: 8
apicid		: 9
initial apicid	: 9
fpu		: yes
fpu_exception	: yes
cpuid level	: 16
wp		: yes
flags		: fpu vme de pse tsc msr pae mce cx8 apic sep mtrr pge mca cmov pat pse36 clflush mmx fxsr sse sse2 ht syscall nx mmxext fxsr_opt pdpe1gb rdtscp lm constant_tsc rep_good amd_lbr_v2 nopl nonstop_tsc cpuid extd_apicid aperfmperf rapl pni pclmulqdq monitor ssse3 fma cx16 sse4_1 sse4_2 x2apic movbe popcnt aes xsave avx f16c rdrand lahf_lm cmp_legacy svm extapic cr8_legacy abm sse4a misalignsse 3dnowprefetch osvw ibs skinit wdt tce topoext perfctr_core perfctr_nb bpext perfctr_llc mwaitx cpb cat_l3 cdp_l3 hw_pstate ssbd mba perfmon_v2 ibrs ibpb stibp vmmcall fsgsbase bmi1 avx2 smep bmi2 erms invpcid cqm rdt_a avx512f avx512dq rdseed adx smap avx512ifma clflushopt clwb avx512cd sha_ni avx512bw avx512vl xsaveopt xsavec xgetbv1 xsaves cqm_llc cqm_occup_llc cqm_mbm_total cqm_mbm_local avx512_bf16 clzero irperf xsaveerptr rdpru wbnoinvd cppc arat npt lbrv svm_lock nrip_save tsc_scale vmcb_clean flushbyasid decodeassists pausefilter pfthreshold v_vmsave_vmload vgif x2avic v_spec_ctrl avx512vbmi umip pku ospke avx512_vbmi2 gfni vaes vpclmulqdq avx512_vnni avx512_bitalg avx512_vpopcntdq rdpid overflow_recov succor smca flush_l1d
bugs		: sysret_ss_attrs spectre_v1 spectre_v2 spec_store_bypass srso
bogomips	: 7586.38
TLB size	: 3584 4K pages
clflush size	: 64
cache_alignment	: 64
address sizes	: 48 bits physical, 48 bits virtual
power management: ts ttp tm hwpstate cpb eff_freq_ro [13] [14] [15]

processor	: 10
vendor_id	: AuthenticAMD
cpu family	: 25
model		: 116
model name	: AMD Ryzen 7 7840HS w/ Radeon 780M Graphics
stepping	: 1
microcode	: 0xa704101
cpu MHz		: 3304.096
cache size	: 1024 KB
physical id	: 0
siblings	: 16
core id		: 5
cpu cores	: 8
apicid		: 10
initial apicid	: 10
fpu		: yes
fpu_exception	: yes
cpuid level	: 16
wp		: yes
flags		: fpu vme de pse tsc msr pae mce cx8 apic sep mtrr pge mca cmov pat pse36 clflush mmx fxsr sse sse2 ht syscall nx mmxext fxsr_opt pdpe1gb rdtscp lm constant_tsc rep_good amd_lbr_v2 nopl nonstop_tsc cpuid extd_apicid aperfmperf rapl pni pclmulqdq monitor ssse3 fma cx16 sse4_1 sse4_2 x2apic movbe popcnt aes xsave avx f16c rdrand lahf_lm cmp_legacy svm extapic cr8_legacy abm sse4a misalignsse 3dnowprefetch osvw ibs skinit wdt tce topoext perfctr_core perfctr_nb bpext perfctr_llc mwaitx cpb cat_l3 cdp_l3 hw_pstate ssbd mba perfmon_v2 ibrs ibpb stibp vmmcall fsgsbase bmi1 avx2 smep bmi2 erms invpcid cqm rdt_a avx512f avx512dq rdseed adx smap avx512ifma clflushopt clwb avx512cd sha_ni avx512bw avx512vl xsaveopt xsavec xgetbv1 xsaves cqm_llc cqm_occup_llc cqm_mbm_total cqm_mbm_local avx512_bf16 clzero irperf xsaveerptr rdpru wbnoinvd cppc arat npt lbrv svm_lock nrip_save tsc_scale vmcb_clean flushbyasid decodeassists pausefilter pfthreshold v_vmsave_vmload vgif x2avic v_spec_ctrl avx512vbmi umip pku ospke avx512_vbmi2 gfni vaes vpclmulqdq avx512_vnni avx512_bitalg avx512_vpopcntdq rdpid overflow_recov succor smca flush_l1d
bugs		: sysret_ss_attrs spectre_v1 spectre_v2 spec_store_bypass srso
bogomips	: 7586.38
TLB size	: 3584 4K pages
clflush size	: 64
cache_alignment	: 64
address sizes	: 48 bits physical, 48 bits virtual
power management: ts ttp tm hwpstate cpb eff_freq_ro [13] [14] [15]

processor	: 11
vendor_id	: AuthenticAMD
cpu family	: 25
model		: 116
model name	: AMD Ryzen 7 7840HS w/ Radeon 780M Graphics
stepping	: 1
microcode	: 0xa704101
cpu MHz		: 2163.475
cache size	: 1024 KB
physical id	: 0
siblings	: 16
core id		: 5
cpu cores	: 8
apicid		: 11
initial apicid	: 11
fpu		: yes
fpu_exception	: yes
cpuid level	: 16
wp		: yes
flags		: fpu vme de pse tsc msr pae mce cx8 apic sep mtrr pge mca cmov pat pse36 clflush mmx fxsr sse sse2 ht syscall nx mmxext fxsr_opt pdpe1gb rdtscp lm constant_tsc rep_good amd_lbr_v2 nopl nonstop_tsc cpuid extd_apicid aperfmperf rapl pni pclmulqdq monitor ssse3 fma cx16 sse4_1 sse4_2 x2apic movbe popcnt aes xsave avx f16c rdrand lahf_lm cmp_legacy svm extapic cr8_legacy abm sse4a misalignsse 3dnowprefetch osvw ibs skinit wdt tce topoext perfctr_core perfctr_nb bpext perfctr_llc mwaitx cpb cat_l3 cdp_l3 hw_pstate ssbd mba perfmon_v2 ibrs ibpb stibp vmmcall fsgsbase bmi1 avx2 smep bmi2 erms invpcid cqm rdt_a avx512f avx512dq rdseed adx smap avx512ifma clflushopt clwb avx512cd sha_ni avx512bw avx512vl xsaveopt xsavec xgetbv1 xsaves cqm_llc cqm_occup_llc cqm_mbm_total cqm_mbm_local avx512_bf16 clzero irperf xsaveerptr rdpru wbnoinvd cppc arat npt lbrv svm_lock nrip_save tsc_scale vmcb_clean flushbyasid decodeassists pausefilter pfthreshold v_vmsave_vmload vgif x2avic v_spec_ctrl avx512vbmi umip pku ospke avx512_vbmi2 gfni vaes vpclmulqdq avx512_vnni avx512_bitalg avx512_vpopcntdq rdpid overflow_recov succor smca flush_l1d
bugs		: sysret_ss_attrs spectre_v1 spectre_v2 spec_store_bypass srso
bogomips	: 7586.38
TLB size	: 3584 4K pages
clflush size	: 64
cache_alignment	: 64
address sizes	: 48 bits physical, 48 bits virtual
power management: ts ttp tm hwpstate cpb eff_freq_ro [13] [14] [15]

processor	: 12
vendor_id	: AuthenticAMD
cpu family	: 25
model		: 116
model name	: AMD Ryzen 7 7840HS w/ Radeon 780M Graphics
stepping	: 1
microcode	: 0xa704101
cpu MHz		: 1876.434
cache size	: 1024 KB
physical id	: 0
siblings	: 16
core id		: 6
cpu cores	: 8
apicid		: 12
initial apicid	: 12
fpu		: yes
fpu_exception	: yes
cpuid level	: 16
wp		: yes
flags		: fpu vme de pse tsc msr pae mce cx8 apic sep mtrr pge mca cmov pat pse36 clflush mmx fxsr sse sse2 ht syscall nx mmxext fxsr_opt pdpe1gb rdtscp lm constant_tsc rep_good amd_lbr_v2 nopl nonstop_tsc cpuid extd_apicid aperfmperf rapl pni pclmulqdq monitor ssse3 fma cx16 sse4_1 sse4_2 x2apic movbe popcnt aes xsave avx f16c rdrand lahf_lm cmp_legacy svm extapic cr8_legacy abm sse4a misalignsse 3dnowprefetch osvw ibs skinit wdt tce topoext perfctr_core perfctr_nb bpext perfctr_llc mwaitx cpb cat_l3 cdp_l3 hw_pstate ssbd mba perfmon_v2 ibrs ibpb stibp vmmcall fsgsbase bmi1 avx2 smep bmi2 erms invpcid cqm rdt_a avx512f avx512dq rdseed adx smap avx512ifma clflushopt clwb avx512cd sha_ni avx512bw avx512vl xsaveopt xsavec xgetbv1 xsaves cqm_llc cqm_occup_llc cqm_mbm_total cqm_mbm_local avx512_bf16 clzero irperf xsaveerptr rdpru wbnoinvd cppc arat npt lbrv svm_lock nrip_save tsc_scale vmcb_clean flushbyasid decodeassists pausefilter pfthreshold v_vmsave_vmload vgif x2avic v_spec_ctrl avx512vbmi umip pku ospke avx512_vbmi2 gfni vaes vpclmulqdq avx512_vnni avx512_bitalg avx512_vpopcntdq rdpid overflow_recov succor smca flush_l1d
bugs		: sysret_ss_attrs spectre_v1 spectre_v2 spec_store_bypass srso
bogomips	: 7586.38
TLB size	: 3584 4K pages
clflush size	: 64
cache_alignment	: 64
address sizes	: 48 bits physical, 48 bits virtual
power management: ts ttp tm hwpstate cpb eff_freq_ro [13] [14] [15]

processor	: 13
vendor_id	: AuthenticAMD
cpu family	: 25
model		: 116
model name	: AMD Ryzen 7 7840HS w/ Radeon 780M Graphics
stepping	: 1
microcode	: 0xa704101
cpu MHz		: 1600.000
cache size	: 1024 KB
physical id	: 0
siblings	: 16
core id		: 6
cpu cores	: 8
apicid		: 13
initial apicid	: 13
fpu		: yes
fpu_exception	: yes
cpuid level	: 16
wp		: yes
flags		: fpu vme de pse tsc msr pae mce cx8 apic sep mtrr pge mca cmov pat pse36 clflush mmx fxsr sse sse2 ht syscall nx mmxext fxsr_opt pdpe1gb rdtscp lm constant_tsc rep_good amd_lbr_v2 nopl nonstop_tsc cpuid extd_apicid aperfmperf rapl pni pclmulqdq monitor ssse3 fma cx16 sse4_1 sse4_2 x2apic movbe popcnt aes xsave avx f16c rdrand lahf_lm cmp_legacy svm extapic cr8_legacy abm sse4a misalignsse 3dnowprefetch osvw ibs skinit wdt tce topoext perfctr_core perfctr_nb bpext perfctr_llc mwaitx cpb cat_l3 cdp_l3 hw_pstate ssbd mba perfmon_v2 ibrs ibpb stibp vmmcall fsgsbase bmi1 avx2 smep bmi2 erms invpcid cqm rdt_a avx512f avx512dq rdseed adx smap avx512ifma clflushopt clwb avx512cd sha_ni avx512bw avx512vl xsaveopt xsavec xgetbv1 xsaves cqm_llc cqm_occup_llc cqm_mbm_total cqm_mbm_local avx512_bf16 clzero irperf xsaveerptr rdpru wbnoinvd cppc arat npt lbrv svm_lock nrip_save tsc_scale vmcb_clean flushbyasid decodeassists pausefilter pfthreshold v_vmsave_vmload vgif x2avic v_spec_ctrl avx512vbmi umip pku ospke avx512_vbmi2 gfni vaes vpclmulqdq avx512_vnni avx512_bitalg avx512_vpopcntdq rdpid overflow_recov succor smca flush_l1d
bugs		: sysret_ss_attrs spectre_v1 spectre_v2 spec_store_bypass srso
bogomips	: 7586.38
TLB size	: 3584 4K pages
clflush size	: 64
cache_alignment	: 64
address sizes	: 48 bits physical, 48 bits virtual
power management: ts ttp tm hwpstate cpb eff_freq_ro [13] [14] [15]

processor	: 14
vendor_id	: AuthenticAMD
cpu family	: 25
model		: 116
model name	: AMD Ryzen 7 7840HS w/ Radeon 780M Graphics
stepping	: 1
microcode	: 0xa704101
cpu MHz		: 2407.417
cache size	: 1024 KB
physical id	: 0
siblings	: 16
core id		: 7
cpu cores	: 8
apicid		: 14
initial apicid	: 14
fpu		: yes
fpu_exception	: yes
cpuid level	: 16
wp		: yes
flags		: fpu vme de pse tsc msr pae mce cx8 apic sep mtrr pge mca cmov pat pse36 clflush mmx fxsr sse sse2 ht syscall nx mmxext fxsr_opt pdpe1gb rdtscp lm constant_tsc rep_good amd_lbr_v2 nopl nonstop_tsc cpuid extd_apicid aperfmperf rapl pni pclmulqdq monitor ssse3 fma cx16 sse4_1 sse4_2 x2apic movbe popcnt aes xsave avx f16c rdrand lahf_lm cmp_legacy svm extapic cr8_legacy abm sse4a misalignsse 3dnowprefetch osvw ibs skinit wdt tce topoext perfctr_core perfctr_nb bpext perfctr_llc mwaitx cpb cat_l3 cdp_l3 hw_pstate ssbd mba perfmon_v2 ibrs ibpb stibp vmmcall fsgsbase bmi1 avx2 smep bmi2 erms invpcid cqm rdt_a avx512f avx512dq rdseed adx smap avx512ifma clflushopt clwb avx512cd sha_ni avx512bw avx512vl xsaveopt xsavec xgetbv1 xsaves cqm_llc cqm_occup_llc cqm_mbm_total cqm_mbm_local avx512_bf16 clzero irperf xsaveerptr rdpru wbnoinvd cppc arat npt lbrv svm_lock nrip_save tsc_scale vmcb_clean flushbyasid decodeassists pausefilter pfthreshold v_vmsave_vmload vgif x2avic v_spec_ctrl avx512vbmi umip pku ospke avx512_vbmi2 gfni vaes vpclmulqdq avx512_vnni avx512_bitalg avx512_vpopcntdq rdpid overflow_recov succor smca flush_l1d
bugs		: sysret_ss_attrs spectre_v1 spectre_v2 spec_store_bypass srso
bogomips	: 7586.38
TLB size	: 3584 4K pages
clflush size	: 64
cache_alignment	: 64
address sizes	: 48 bits physical, 48 bits virtual
power management: ts ttp tm hwpstate cpb eff_freq_ro [13] [14] [15]

processor	: 15
vendor_id	: AuthenticAMD
cpu family	: 25
model		: 116
model name	: AMD Ryzen 7 7840HS w/ Radeon 780M Graphics
stepping	: 1
microcode	: 0xa704101
cpu MHz		: 1600.000
cache size	: 1024 KB
physical id	: 0
siblings	: 16
core id		: 7
cpu cores	: 8
apicid		: 15
initial apicid	: 15
fpu		: yes
fpu_exception	: yes
cpuid level	: 16
wp		: yes
flags		: fpu vme de pse tsc msr pae mce cx8 apic sep mtrr pge mca cmov pat pse36 clflush mmx fxsr sse sse2 ht syscall nx mmxext fxsr_opt pdpe1gb rdtscp lm constant_tsc rep_good amd_lbr_v2 nopl nonstop_tsc cpuid extd_apicid aperfmperf rapl pni pclmulqdq monitor ssse3 fma cx16 sse4_1 sse4_2 x2apic movbe popcnt aes xsave avx f16c rdrand lahf_lm cmp_legacy svm extapic cr8_legacy abm sse4a misalignsse 3dnowprefetch osvw ibs skinit wdt tce topoext perfctr_core perfctr_nb bpext perfctr_llc mwaitx cpb cat_l3 cdp_l3 hw_pstate ssbd mba perfmon_v2 ibrs ibpb stibp vmmcall fsgsbase bmi1 avx2 smep bmi2 erms invpcid cqm rdt_a avx512f avx512dq rdseed adx smap avx512ifma clflushopt clwb avx512cd sha_ni avx512bw avx512vl xsaveopt xsavec xgetbv1 xsaves cqm_llc cqm_occup_llc cqm_mbm_total cqm_mbm_local avx512_bf16 clzero irperf xsaveerptr rdpru wbnoinvd cppc arat npt lbrv svm_lock nrip_save tsc_scale vmcb_clean flushbyasid decodeassists pausefilter pfthreshold v_vmsave_vmload vgif x2avic v_spec_ctrl avx512vbmi umip pku ospke avx512_vbmi2 gfni vaes vpclmulqdq avx512_vnni avx512_bitalg avx512_vpopcntdq rdpid overflow_recov succor smca flush_l1d
bugs		: sysret_ss_attrs spectre_v1 spectre_v2 spec_store_bypass srso
bogomips	: 7586.38
TLB size	: 3584 4K pages
clflush size	: 64
cache_alignment	: 64
address sizes	: 48 bits physical, 48 bits virtual
power management: ts ttp tm hwpstate cpb eff_freq_ro [13] [14] [15]



Memory: 4k page, physical 7280456k(443172k free), swap 2097148k(275776k free)

vm_info: OpenJDK 64-Bit Server VM (25.382-b05) for linux-amd64 JRE (1.8.0_382-8u382-ga-1~22.04.1-b05), built on Jul 24 2023 20:17:51 by "buildd" with gcc 11.3.0

time: Tue Oct 10 11:33:36 2023
timezone: EDT
elapsed time: 0.009274 seconds (0d 0h 0m 0s)

