#
# There is insufficient memory for the Java Runtime Environment to continue.
# Cannot create GC thread. Out of system resources.
# Possible reasons:
#   The system is out of physical RAM or swap space
#   The process is running with CompressedOops enabled, and the Java Heap may be blocking the growth of the native heap
# Possible solutions:
#   Reduce memory load on the system
#   Increase physical memory or swap space
#   Check if swap backing store is full
#   Decrease Java heap size (-Xmx/-Xms)
#   Decrease number of Java threads
#   Decrease Java thread stack sizes (-Xss)
#   Set larger code cache with -XX:ReservedCodeCacheSize=
# This output file may be truncated or incomplete.
#
#  Out of Memory Error (gcTaskThread.cpp:48), pid=165211, tid=0x00007fc853f16800
#
# JRE version:  (8.0_382-b05) (build )
# Java VM: OpenJDK 64-Bit Server VM (25.382-b05 mixed mode linux-amd64 compressed oops)
# Failed to write core dump. Core dumps have been disabled. To enable core dumping, try "ulimit -c unlimited" before starting Java again
#

---------------  T H R E A D  ---------------

Current thread (0x00005556fbf57000):  JavaThread "Unknown thread" [_thread_in_vm, id=165211, stack(0x00007ffd47d3f000,0x00007ffd47e3f000)]

Stack: [0x00007ffd47d3f000,0x00007ffd47e3f000],  sp=0x00007ffd47e36a10,  free space=990k
Native frames: (J=compiled Java code, j=interpreted, Vv=VM code, C=native code)
V  [libjvm.so+0xb3e0a7]
V  [libjvm.so+0x4f04cf]
V  [libjvm.so+0x5cb31f]
V  [libjvm.so+0x5ca9ff]
V  [libjvm.so+0x9a8152]
V  [libjvm.so+0xb01101]
V  [libjvm.so+0xb013b6]
V  [libjvm.so+0x64417f]
V  [libjvm.so+0xae06d0]
V  [libjvm.so+0x71b120]  JNI_CreateJavaVM+0x60
C  [libjli.so+0x441a]
C  [libjli.so+0x9a29]
C  [libjli.so+0x5f3e]
C  [libjli.so+0x72fc]  JLI_Launch+0x123c
C  [java+0x10a5]
C  [libc.so.6+0x29d90]


---------------  P R O C E S S  ---------------

Java Threads: ( => current thread )

Other Threads:

=>0x00005556fbf57000 (exited) JavaThread "Unknown thread" [_thread_in_vm, id=165211, stack(0x00007ffd47d3f000,0x00007ffd47e3f000)]

VM state:not at safepoint (not fully initialized)

VM Mutex/Monitor currently owned by a thread: None

heap address: 0x00000000b8400000, size: 1148 MB, Compressed Oops mode: Non-zero based:0x00000000b83ff000
Narrow klass base: 0x0000000000000000, Narrow klass shift: 0

GC Heap History (0 events):
No events

Deoptimization events (0 events):
No events

Classes redefined (0 events):
No events

Internal exceptions (0 events):
No events

Events (0 events):
No events


Dynamic libraries:
b8400000-bcf00000 rw-p 00000000 00:00 0 
bcf00000-e8180000 ---p 00000000 00:00 0 
e8180000-ea680000 rw-p 00000000 00:00 0 
ea680000-100000000 ---p 00000000 00:00 0 
5556fbaf4000-5556fbaf5000 r--p 00000000 103:05 6961241                   /usr/lib/jvm/java-8-openjdk-amd64/jre/bin/java
5556fbaf5000-5556fbaf6000 r-xp 00001000 103:05 6961241                   /usr/lib/jvm/java-8-openjdk-amd64/jre/bin/java
5556fbaf6000-5556fbaf7000 r--p 00002000 103:05 6961241                   /usr/lib/jvm/java-8-openjdk-amd64/jre/bin/java
5556fbaf7000-5556fbaf8000 r--p 00002000 103:05 6961241                   /usr/lib/jvm/java-8-openjdk-amd64/jre/bin/java
5556fbaf8000-5556fbaf9000 rw-p 00003000 103:05 6961241                   /usr/lib/jvm/java-8-openjdk-amd64/jre/bin/java
5556fbede000-5556fbfac000 rw-p 00000000 00:00 0                          [heap]
7fc843801000-7fc843827000 rw-p 00000000 00:00 0 
7fc843827000-7fc84397f000 ---p 00000000 00:00 0 
7fc84397f000-7fc843993000 rw-p 00000000 00:00 0 
7fc843993000-7fc843a3f000 ---p 00000000 00:00 0 
7fc843a3f000-7fc843a4a000 rw-p 00000000 00:00 0 
7fc843a4a000-7fc843e00000 ---p 00000000 00:00 0 
7fc843e00000-7fc844070000 rwxp 00000000 00:00 0 
7fc844070000-7fc852e00000 ---p 00000000 00:00 0 
7fc852e00000-7fc852ff6000 r--p 00000000 103:05 6961290                   /usr/lib/jvm/java-8-openjdk-amd64/jre/lib/amd64/server/libjvm.so
7fc852ff6000-7fc853966000 r-xp 001f6000 103:05 6961290                   /usr/lib/jvm/java-8-openjdk-amd64/jre/lib/amd64/server/libjvm.so
7fc853966000-7fc853b11000 r--p 00b66000 103:05 6961290                   /usr/lib/jvm/java-8-openjdk-amd64/jre/lib/amd64/server/libjvm.so
7fc853b11000-7fc853b12000 ---p 00d11000 103:05 6961290                   /usr/lib/jvm/java-8-openjdk-amd64/jre/lib/amd64/server/libjvm.so
7fc853b12000-7fc853ba8000 r--p 00d11000 103:05 6961290                   /usr/lib/jvm/java-8-openjdk-amd64/jre/lib/amd64/server/libjvm.so
7fc853ba8000-7fc853bd1000 rw-p 00da7000 103:05 6961290                   /usr/lib/jvm/java-8-openjdk-amd64/jre/lib/amd64/server/libjvm.so
7fc853bd1000-7fc853c04000 rw-p 00000000 00:00 0 
7fc853c85000-7fc853cab000 rw-p 00000000 00:00 0 
7fc853cab000-7fc853e04000 ---p 00000000 00:00 0 
7fc853e04000-7fc853f19000 rw-p 00000000 00:00 0 
7fc853f19000-7fc853f27000 r--p 00000000 103:05 6293613                   /usr/lib/x86_64-linux-gnu/libm.so.6
7fc853f27000-7fc853fa3000 r-xp 0000e000 103:05 6293613                   /usr/lib/x86_64-linux-gnu/libm.so.6
7fc853fa3000-7fc853ffe000 r--p 0008a000 103:05 6293613                   /usr/lib/x86_64-linux-gnu/libm.so.6
7fc853ffe000-7fc853fff000 r--p 000e4000 103:05 6293613                   /usr/lib/x86_64-linux-gnu/libm.so.6
7fc853fff000-7fc854000000 rw-p 000e5000 103:05 6293613                   /usr/lib/x86_64-linux-gnu/libm.so.6
7fc854000000-7fc85409a000 r--p 00000000 103:05 6319691                   /usr/lib/x86_64-linux-gnu/libstdc++.so.6.0.30
7fc85409a000-7fc8541ab000 r-xp 0009a000 103:05 6319691                   /usr/lib/x86_64-linux-gnu/libstdc++.so.6.0.30
7fc8541ab000-7fc85421a000 r--p 001ab000 103:05 6319691                   /usr/lib/x86_64-linux-gnu/libstdc++.so.6.0.30
7fc85421a000-7fc85421b000 ---p 0021a000 103:05 6319691                   /usr/lib/x86_64-linux-gnu/libstdc++.so.6.0.30
7fc85421b000-7fc854226000 r--p 0021a000 103:05 6319691                   /usr/lib/x86_64-linux-gnu/libstdc++.so.6.0.30
7fc854226000-7fc854229000 rw-p 00225000 103:05 6319691                   /usr/lib/x86_64-linux-gnu/libstdc++.so.6.0.30
7fc854229000-7fc85422c000 rw-p 00000000 00:00 0 
7fc854297000-7fc8542a4000 r--p 00000000 103:05 6961268                   /usr/lib/jvm/java-8-openjdk-amd64/jre/lib/amd64/libjava.so
7fc8542a4000-7fc8542bc000 r-xp 0000d000 103:05 6961268                   /usr/lib/jvm/java-8-openjdk-amd64/jre/lib/amd64/libjava.so
7fc8542bc000-7fc8542c3000 r--p 00025000 103:05 6961268                   /usr/lib/jvm/java-8-openjdk-amd64/jre/lib/amd64/libjava.so
7fc8542c3000-7fc8542c4000 r--p 0002b000 103:05 6961268                   /usr/lib/jvm/java-8-openjdk-amd64/jre/lib/amd64/libjava.so
7fc8542c4000-7fc8542c6000 rw-p 0002c000 103:05 6961268                   /usr/lib/jvm/java-8-openjdk-amd64/jre/lib/amd64/libjava.so
7fc8542c6000-7fc8542f1000 r--p 00000000 103:05 15080498                  /home/jericho/anaconda3/envs/opengate_env/lib/python3.9/site-packages/opengate_core.libs/libG4clhep-170e676c.so
7fc8542f1000-7fc85434e000 r-xp 0002b000 103:05 15080498                  /home/jericho/anaconda3/envs/opengate_env/lib/python3.9/site-packages/opengate_core.libs/libG4clhep-170e676c.so
7fc85434e000-7fc85437b000 r--p 00088000 103:05 15080498                  /home/jericho/anaconda3/envs/opengate_env/lib/python3.9/site-packages/opengate_core.libs/libG4clhep-170e676c.so
7fc85437b000-7fc85437c000 ---p 000b5000 103:05 15080498                  /home/jericho/anaconda3/envs/opengate_env/lib/python3.9/site-packages/opengate_core.libs/libG4clhep-170e676c.so
7fc85437c000-7fc85437e000 r--p 000b5000 103:05 15080498                  /home/jericho/anaconda3/envs/opengate_env/lib/python3.9/site-packages/opengate_core.libs/libG4clhep-170e676c.so
7fc85437e000-7fc854380000 rw-p 000b7000 103:05 15080498                  /home/jericho/anaconda3/envs/opengate_env/lib/python3.9/site-packages/opengate_core.libs/libG4clhep-170e676c.so
7fc854380000-7fc854381000 rw-p 00000000 00:00 0 
7fc854381000-7fc854398000 rw-p 000e1000 103:05 15080498                  /home/jericho/anaconda3/envs/opengate_env/lib/python3.9/site-packages/opengate_core.libs/libG4clhep-170e676c.so
7fc854398000-7fc8543cd000 r--p 00000000 103:05 15080501                  /home/jericho/anaconda3/envs/opengate_env/lib/python3.9/site-packages/opengate_core.libs/libG4global-a19c55f2.so
7fc8543cd000-7fc854455000 r-xp 00035000 103:05 15080501                  /home/jericho/anaconda3/envs/opengate_env/lib/python3.9/site-packages/opengate_core.libs/libG4global-a19c55f2.so
7fc854455000-7fc854477000 r--p 000bd000 103:05 15080501                  /home/jericho/anaconda3/envs/opengate_env/lib/python3.9/site-packages/opengate_core.libs/libG4global-a19c55f2.so
7fc854477000-7fc85447a000 r--p 000de000 103:05 15080501                  /home/jericho/anaconda3/envs/opengate_env/lib/python3.9/site-packages/opengate_core.libs/libG4global-a19c55f2.so
7fc85447a000-7fc85447c000 rw-p 000e1000 103:05 15080501                  /home/jericho/anaconda3/envs/opengate_env/lib/python3.9/site-packages/opengate_core.libs/libG4global-a19c55f2.so
7fc85447c000-7fc85447d000 rw-p 00000000 00:00 0 
7fc85447d000-7fc8544d1000 rw-p 0011f000 103:05 15080501                  /home/jericho/anaconda3/envs/opengate_env/lib/python3.9/site-packages/opengate_core.libs/libG4global-a19c55f2.so
7fc8544d1000-7fc8544e0000 r--p 00000000 103:05 15080565                  /home/jericho/anaconda3/envs/opengate_env/lib/python3.9/site-packages/opengate_core.libs/libG4intercoms-d770af8d.so
7fc8544e0000-7fc85452a000 r-xp 0000f000 103:05 15080565                  /home/jericho/anaconda3/envs/opengate_env/lib/python3.9/site-packages/opengate_core.libs/libG4intercoms-d770af8d.so
7fc85452a000-7fc854539000 r--p 00059000 103:05 15080565                  /home/jericho/anaconda3/envs/opengate_env/lib/python3.9/site-packages/opengate_core.libs/libG4intercoms-d770af8d.so
7fc854539000-7fc85453a000 ---p 00068000 103:05 15080565                  /home/jericho/anaconda3/envs/opengate_env/lib/python3.9/site-packages/opengate_core.libs/libG4intercoms-d770af8d.so
7fc85453a000-7fc85453b000 r--p 00068000 103:05 15080565                  /home/jericho/anaconda3/envs/opengate_env/lib/python3.9/site-packages/opengate_core.libs/libG4intercoms-d770af8d.so
7fc85453b000-7fc85453c000 rw-p 00069000 103:05 15080565                  /home/jericho/anaconda3/envs/opengate_env/lib/python3.9/site-packages/opengate_core.libs/libG4intercoms-d770af8d.so
7fc85453c000-7fc854551000 rw-p 00079000 103:05 15080565                  /home/jericho/anaconda3/envs/opengate_env/lib/python3.9/site-packages/opengate_core.libs/libG4intercoms-d770af8d.so
7fc854551000-7fc854580000 r--p 00000000 103:05 15080494                  /home/jericho/anaconda3/envs/opengate_env/lib/python3.9/site-packages/opengate_core.libs/libG4particles-a2ab1706.so
7fc854580000-7fc85463f000 r-xp 0002f000 103:05 15080494                  /home/jericho/anaconda3/envs/opengate_env/lib/python3.9/site-packages/opengate_core.libs/libG4particles-a2ab1706.so
7fc85463f000-7fc85469e000 r--p 000ee000 103:05 15080494                  /home/jericho/anaconda3/envs/opengate_env/lib/python3.9/site-packages/opengate_core.libs/libG4particles-a2ab1706.so
7fc85469e000-7fc85469f000 ---p 0014d000 103:05 15080494                  /home/jericho/anaconda3/envs/opengate_env/lib/python3.9/site-packages/opengate_core.libs/libG4particles-a2ab1706.so
7fc85469f000-7fc8546a2000 r--p 0014d000 103:05 15080494                  /home/jericho/anaconda3/envs/opengate_env/lib/python3.9/site-packages/opengate_core.libs/libG4particles-a2ab1706.so
7fc8546a2000-7fc8546a4000 rw-p 00150000 103:05 15080494                  /home/jericho/anaconda3/envs/opengate_env/lib/python3.9/site-packages/opengate_core.libs/libG4particles-a2ab1706.so
7fc8546a4000-7fc8546a6000 rw-p 00000000 00:00 0 
7fc8546a6000-7fc8546e5000 rw-p 00180000 103:05 15080494                  /home/jericho/anaconda3/envs/opengate_env/lib/python3.9/site-packages/opengate_core.libs/libG4particles-a2ab1706.so
7fc8546e5000-7fc8546fa000 r--p 00000000 103:05 15080558                  /home/jericho/anaconda3/envs/opengate_env/lib/python3.9/site-packages/opengate_core.libs/libG4materials-0a3fe0e7.so
7fc8546fa000-7fc854796000 r-xp 00015000 103:05 15080558                  /home/jericho/anaconda3/envs/opengate_env/lib/python3.9/site-packages/opengate_core.libs/libG4materials-0a3fe0e7.so
7fc854796000-7fc8547dd000 r--p 000b1000 103:05 15080558                  /home/jericho/anaconda3/envs/opengate_env/lib/python3.9/site-packages/opengate_core.libs/libG4materials-0a3fe0e7.so
7fc8547dd000-7fc8547de000 ---p 000f8000 103:05 15080558                  /home/jericho/anaconda3/envs/opengate_env/lib/python3.9/site-packages/opengate_core.libs/libG4materials-0a3fe0e7.so
7fc8547de000-7fc8547df000 r--p 000f8000 103:05 15080558                  /home/jericho/anaconda3/envs/opengate_env/lib/python3.9/site-packages/opengate_core.libs/libG4materials-0a3fe0e7.so
7fc8547df000-7fc8547e0000 rw-p 000f9000 103:05 15080558                  /home/jericho/anaconda3/envs/opengate_env/lib/python3.9/site-packages/opengate_core.libs/libG4materials-0a3fe0e7.so
7fc8547e0000-7fc8547e1000 rw-p 00000000 00:00 0 
7fc8547e1000-7fc854800000 rw-p 0010f000 103:05 15080558                  /home/jericho/anaconda3/envs/opengate_env/lib/python3.9/site-packages/opengate_core.libs/libG4materials-0a3fe0e7.so
7fc854800000-7fc854959000 r--p 00000000 103:05 15080559                  /home/jericho/anaconda3/envs/opengate_env/lib/python3.9/site-packages/opengate_core.libs/libG4analysis-58c18685.so
7fc854959000-7fc854ccc000 r-xp 00159000 103:05 15080559                  /home/jericho/anaconda3/envs/opengate_env/lib/python3.9/site-packages/opengate_core.libs/libG4analysis-58c18685.so
7fc854ccc000-7fc854d86000 r--p 004cc000 103:05 15080559                  /home/jericho/anaconda3/envs/opengate_env/lib/python3.9/site-packages/opengate_core.libs/libG4analysis-58c18685.so
7fc854d86000-7fc854dab000 r--p 00585000 103:05 15080559                  /home/jericho/anaconda3/envs/opengate_env/lib/python3.9/site-packages/opengate_core.libs/libG4analysis-58c18685.so
7fc854dab000-7fc854daf000 rw-p 005aa000 103:05 15080559                  /home/jericho/anaconda3/envs/opengate_env/lib/python3.9/site-packages/opengate_core.libs/libG4analysis-58c18685.so
7fc854daf000-7fc854db2000 rw-p 00000000 00:00 0 
7fc854db2000-7fc854f96000 rw-p 006a7000 103:05 15080559                  /home/jericho/anaconda3/envs/opengate_env/lib/python3.9/site-packages/opengate_core.libs/libG4analysis-58c18685.so
7fc854faf000-7fc854fb2000 r--p 00000000 103:05 6961287                   /usr/lib/jvm/java-8-openjdk-amd64/jre/lib/amd64/libzip.so
7fc854fb2000-7fc854fb7000 r-xp 00003000 103:05 6961287                   /usr/lib/jvm/java-8-openjdk-amd64/jre/lib/amd64/libzip.so
7fc854fb7000-7fc854fb9000 r--p 00008000 103:05 6961287                   /usr/lib/jvm/java-8-openjdk-amd64/jre/lib/amd64/libzip.so
7fc854fb9000-7fc854fba000 r--p 00009000 103:05 6961287                   /usr/lib/jvm/java-8-openjdk-amd64/jre/lib/amd64/libzip.so
7fc854fba000-7fc854fbb000 rw-p 0000a000 103:05 6961287                   /usr/lib/jvm/java-8-openjdk-amd64/jre/lib/amd64/libzip.so
7fc854fbb000-7fc854fc3000 rw-s 00000000 103:05 12058724                  /tmp/hsperfdata_jericho/165211
7fc854fc3000-7fc854fe4000 rw-p 00000000 00:00 0 
7fc854fe4000-7fc854fe6000 r--p 00000000 103:05 6319961                   /usr/lib/x86_64-linux-gnu/libz.so.1.2.11
7fc854fe6000-7fc854ff7000 r-xp 00002000 103:05 6319961                   /usr/lib/x86_64-linux-gnu/libz.so.1.2.11
7fc854ff7000-7fc854ffd000 r--p 00013000 103:05 6319961                   /usr/lib/x86_64-linux-gnu/libz.so.1.2.11
7fc854ffd000-7fc854ffe000 ---p 00019000 103:05 6319961                   /usr/lib/x86_64-linux-gnu/libz.so.1.2.11
7fc854ffe000-7fc854fff000 r--p 00019000 103:05 6319961                   /usr/lib/x86_64-linux-gnu/libz.so.1.2.11
7fc854fff000-7fc855000000 rw-p 0001a000 103:05 6319961                   /usr/lib/x86_64-linux-gnu/libz.so.1.2.11
7fc855000000-7fc855028000 r--p 00000000 103:05 6293606                   /usr/lib/x86_64-linux-gnu/libc.so.6
7fc855028000-7fc8551bd000 r-xp 00028000 103:05 6293606                   /usr/lib/x86_64-linux-gnu/libc.so.6
7fc8551bd000-7fc855215000 r--p 001bd000 103:05 6293606                   /usr/lib/x86_64-linux-gnu/libc.so.6
7fc855215000-7fc855219000 r--p 00214000 103:05 6293606                   /usr/lib/x86_64-linux-gnu/libc.so.6
7fc855219000-7fc85521b000 rw-p 00218000 103:05 6293606                   /usr/lib/x86_64-linux-gnu/libc.so.6
7fc85521b000-7fc855228000 rw-p 00000000 00:00 0 
7fc85522d000-7fc85522e000 r--p 00000000 103:05 6293655                   /usr/lib/x86_64-linux-gnu/librt.so.1
7fc85522e000-7fc85522f000 r-xp 00001000 103:05 6293655                   /usr/lib/x86_64-linux-gnu/librt.so.1
7fc85522f000-7fc855230000 r--p 00002000 103:05 6293655                   /usr/lib/x86_64-linux-gnu/librt.so.1
7fc855230000-7fc855231000 r--p 00002000 103:05 6293655                   /usr/lib/x86_64-linux-gnu/librt.so.1
7fc855231000-7fc855232000 rw-p 00003000 103:05 6293655                   /usr/lib/x86_64-linux-gnu/librt.so.1
7fc855232000-7fc855243000 rw-p 00000000 00:00 0 
7fc855243000-7fc855259000 r--p 00000000 103:05 15080492                  /home/jericho/anaconda3/envs/opengate_env/lib/python3.9/site-packages/opengate_core.libs/libG4ptl-124ac18e.so.2.3.3
7fc855259000-7fc855276000 r-xp 00016000 103:05 15080492                  /home/jericho/anaconda3/envs/opengate_env/lib/python3.9/site-packages/opengate_core.libs/libG4ptl-124ac18e.so.2.3.3
7fc855276000-7fc855281000 r--p 00033000 103:05 15080492                  /home/jericho/anaconda3/envs/opengate_env/lib/python3.9/site-packages/opengate_core.libs/libG4ptl-124ac18e.so.2.3.3
7fc855281000-7fc855282000 ---p 0003e000 103:05 15080492                  /home/jericho/anaconda3/envs/opengate_env/lib/python3.9/site-packages/opengate_core.libs/libG4ptl-124ac18e.so.2.3.3
7fc855282000-7fc855283000 r--p 0003e000 103:05 15080492                  /home/jericho/anaconda3/envs/opengate_env/lib/python3.9/site-packages/opengate_core.libs/libG4ptl-124ac18e.so.2.3.3
7fc855283000-7fc855284000 rw-p 0003f000 103:05 15080492                  /home/jericho/anaconda3/envs/opengate_env/lib/python3.9/site-packages/opengate_core.libs/libG4ptl-124ac18e.so.2.3.3
7fc855284000-7fc855290000 rw-p 00059000 103:05 15080492                  /home/jericho/anaconda3/envs/opengate_env/lib/python3.9/site-packages/opengate_core.libs/libG4ptl-124ac18e.so.2.3.3
7fc855290000-7fc8552a7000 r--p 00000000 103:05 15080491                  /home/jericho/anaconda3/envs/opengate_env/lib/python3.9/site-packages/opengate_core.libs/libG4graphics_reps-f3db01e8.so
7fc8552a7000-7fc8552d5000 r-xp 00017000 103:05 15080491                  /home/jericho/anaconda3/envs/opengate_env/lib/python3.9/site-packages/opengate_core.libs/libG4graphics_reps-f3db01e8.so
7fc8552d5000-7fc8552e0000 r--p 00045000 103:05 15080491                  /home/jericho/anaconda3/envs/opengate_env/lib/python3.9/site-packages/opengate_core.libs/libG4graphics_reps-f3db01e8.so
7fc8552e0000-7fc8552e1000 ---p 00050000 103:05 15080491                  /home/jericho/anaconda3/envs/opengate_env/lib/python3.9/site-packages/opengate_core.libs/libG4graphics_reps-f3db01e8.so
7fc8552e1000-7fc8552e3000 r--p 00050000 103:05 15080491                  /home/jericho/anaconda3/envs/opengate_env/lib/python3.9/site-packages/opengate_core.libs/libG4graphics_reps-f3db01e8.so
7fc8552e3000-7fc8552e4000 rw-p 00052000 103:05 15080491                  /home/jericho/anaconda3/envs/opengate_env/lib/python3.9/site-packages/opengate_core.libs/libG4graphics_reps-f3db01e8.so
7fc8552e4000-7fc8552e5000 rw-p 00000000 00:00 0 
7fc8552e5000-7fc855301000 rw-p 00065000 103:05 15080491                  /home/jericho/anaconda3/envs/opengate_env/lib/python3.9/site-packages/opengate_core.libs/libG4graphics_reps-f3db01e8.so
7fc855301000-7fc855327000 r--p 00000000 103:05 15080571                  /home/jericho/anaconda3/envs/opengate_env/lib/python3.9/site-packages/opengate_core.libs/libG4digits_hits-49ed91d8.so
7fc855327000-7fc8553aa000 r-xp 00026000 103:05 15080571                  /home/jericho/anaconda3/envs/opengate_env/lib/python3.9/site-packages/opengate_core.libs/libG4digits_hits-49ed91d8.so
7fc8553aa000-7fc8553c7000 r--p 000a9000 103:05 15080571                  /home/jericho/anaconda3/envs/opengate_env/lib/python3.9/site-packages/opengate_core.libs/libG4digits_hits-49ed91d8.so
7fc8553c7000-7fc8553c8000 ---p 000c6000 103:05 15080571                  /home/jericho/anaconda3/envs/opengate_env/lib/python3.9/site-packages/opengate_core.libs/libG4digits_hits-49ed91d8.so
7fc8553c8000-7fc8553cb000 r--p 000c6000 103:05 15080571                  /home/jericho/anaconda3/envs/opengate_env/lib/python3.9/site-packages/opengate_core.libs/libG4digits_hits-49ed91d8.so
7fc8553cb000-7fc8553cd000 rw-p 000c9000 103:05 15080571                  /home/jericho/anaconda3/envs/opengate_env/lib/python3.9/site-packages/opengate_core.libs/libG4digits_hits-49ed91d8.so
7fc8553cd000-7fc8553d0000 rw-p 00000000 00:00 0 
7fc8553d0000-7fc855400000 rw-p 000ef000 103:05 15080571                  /home/jericho/anaconda3/envs/opengate_env/lib/python3.9/site-packages/opengate_core.libs/libG4digits_hits-49ed91d8.so
7fc855400000-7fc855492000 r--p 00000000 103:05 15080506                  /home/jericho/anaconda3/envs/opengate_env/lib/python3.9/site-packages/opengate_core.libs/libG4geometry-0c687114.so
7fc855492000-7fc855692000 r-xp 00092000 103:05 15080506                  /home/jericho/anaconda3/envs/opengate_env/lib/python3.9/site-packages/opengate_core.libs/libG4geometry-0c687114.so
7fc855692000-7fc8556f0000 r--p 00292000 103:05 15080506                  /home/jericho/anaconda3/envs/opengate_env/lib/python3.9/site-packages/opengate_core.libs/libG4geometry-0c687114.so
7fc8556f0000-7fc8556fb000 r--p 002ef000 103:05 15080506                  /home/jericho/anaconda3/envs/opengate_env/lib/python3.9/site-packages/opengate_core.libs/libG4geometry-0c687114.so
7fc8556fb000-7fc8556ff000 rw-p 002fa000 103:05 15080506                  /home/jericho/anaconda3/envs/opengate_env/lib/python3.9/site-packages/opengate_core.libs/libG4geometry-0c687114.so
7fc8556ff000-7fc855707000 rw-p 00000000 00:00 0 
7fc855707000-7fc8557d1000 rw-p 00381000 103:05 15080506                  /home/jericho/anaconda3/envs/opengate_env/lib/python3.9/site-packages/opengate_core.libs/libG4geometry-0c687114.so
7fc8557d2000-7fc8557e0000 rw-p 00000000 00:00 0 
7fc8557e0000-7fc8557e3000 r--p 00000000 103:05 6318903                   /usr/lib/x86_64-linux-gnu/libgcc_s.so.1
7fc8557e3000-7fc8557fa000 r-xp 00003000 103:05 6318903                   /usr/lib/x86_64-linux-gnu/libgcc_s.so.1
7fc8557fa000-7fc8557fe000 r--p 0001a000 103:05 6318903                   /usr/lib/x86_64-linux-gnu/libgcc_s.so.1
7fc8557fe000-7fc8557ff000 r--p 0001d000 103:05 6318903                   /usr/lib/x86_64-linux-gnu/libgcc_s.so.1
7fc8557ff000-7fc855800000 rw-p 0001e000 103:05 6318903                   /usr/lib/x86_64-linux-gnu/libgcc_s.so.1
7fc855800000-7fc855b80000 r--p 00000000 103:05 15080488                  /home/jericho/anaconda3/envs/opengate_env/lib/python3.9/site-packages/opengate_core.libs/libG4processes-92d9f07e.so
7fc855b80000-7fc85688f000 r-xp 00380000 103:05 15080488                  /home/jericho/anaconda3/envs/opengate_env/lib/python3.9/site-packages/opengate_core.libs/libG4processes-92d9f07e.so
7fc85688f000-7fc856fb3000 r--p 0108f000 103:05 15080488                  /home/jericho/anaconda3/envs/opengate_env/lib/python3.9/site-packages/opengate_core.libs/libG4processes-92d9f07e.so
7fc856fb3000-7fc856fb4000 ---p 017b3000 103:05 15080488                  /home/jericho/anaconda3/envs/opengate_env/lib/python3.9/site-packages/opengate_core.libs/libG4processes-92d9f07e.so
7fc856fb4000-7fc857038000 r--p 017b3000 103:05 15080488                  /home/jericho/anaconda3/envs/opengate_env/lib/python3.9/site-packages/opengate_core.libs/libG4processes-92d9f07e.so
7fc857038000-7fc857254000 rw-p 01837000 103:05 15080488                  /home/jericho/anaconda3/envs/opengate_env/lib/python3.9/site-packages/opengate_core.libs/libG4processes-92d9f07e.so
7fc857254000-7fc857321000 rw-p 00000000 00:00 0 
7fc857321000-7fc85775f000 rw-p 01d40000 103:05 15080488                  /home/jericho/anaconda3/envs/opengate_env/lib/python3.9/site-packages/opengate_core.libs/libG4processes-92d9f07e.so
7fc857760000-7fc857767000 rw-p 00000000 00:00 0 
7fc857767000-7fc857768000 r--p 00000000 103:05 6293649                   /usr/lib/x86_64-linux-gnu/libpthread.so.0
7fc857768000-7fc857769000 r-xp 00001000 103:05 6293649                   /usr/lib/x86_64-linux-gnu/libpthread.so.0
7fc857769000-7fc85776a000 r--p 00002000 103:05 6293649                   /usr/lib/x86_64-linux-gnu/libpthread.so.0
7fc85776a000-7fc85776b000 r--p 00002000 103:05 6293649                   /usr/lib/x86_64-linux-gnu/libpthread.so.0
7fc85776b000-7fc85776c000 rw-p 00003000 103:05 6293649                   /usr/lib/x86_64-linux-gnu/libpthread.so.0
7fc85776c000-7fc85776e000 rw-p 00000000 00:00 0 
7fc85776e000-7fc857771000 r--p 00000000 103:05 15080479                  /home/jericho/anaconda3/envs/opengate_env/lib/python3.9/site-packages/opengate_core.libs/libG4zlib-8a92f4d5.so
7fc857771000-7fc857783000 r-xp 00003000 103:05 15080479                  /home/jericho/anaconda3/envs/opengate_env/lib/python3.9/site-packages/opengate_core.libs/libG4zlib-8a92f4d5.so
7fc857783000-7fc85778a000 r--p 00015000 103:05 15080479                  /home/jericho/anaconda3/envs/opengate_env/lib/python3.9/site-packages/opengate_core.libs/libG4zlib-8a92f4d5.so
7fc85778a000-7fc85778b000 r--p 0001b000 103:05 15080479                  /home/jericho/anaconda3/envs/opengate_env/lib/python3.9/site-packages/opengate_core.libs/libG4zlib-8a92f4d5.so
7fc85778b000-7fc85778c000 rw-p 0001c000 103:05 15080479                  /home/jericho/anaconda3/envs/opengate_env/lib/python3.9/site-packages/opengate_core.libs/libG4zlib-8a92f4d5.so
7fc85778c000-7fc85778d000 rw-p 0001f000 103:05 15080479                  /home/jericho/anaconda3/envs/opengate_env/lib/python3.9/site-packages/opengate_core.libs/libG4zlib-8a92f4d5.so
7fc85778d000-7fc85778f000 rw-p 00000000 00:00 0 
7fc85778f000-7fc857798000 r--p 00000000 103:05 15080564                  /home/jericho/anaconda3/envs/opengate_env/lib/python3.9/site-packages/opengate_core.libs/libG4track-0f17a637.so
7fc857798000-7fc8577a5000 r-xp 00009000 103:05 15080564                  /home/jericho/anaconda3/envs/opengate_env/lib/python3.9/site-packages/opengate_core.libs/libG4track-0f17a637.so
7fc8577a5000-7fc8577a9000 r--p 00016000 103:05 15080564                  /home/jericho/anaconda3/envs/opengate_env/lib/python3.9/site-packages/opengate_core.libs/libG4track-0f17a637.so
7fc8577a9000-7fc8577aa000 ---p 0001a000 103:05 15080564                  /home/jericho/anaconda3/envs/opengate_env/lib/python3.9/site-packages/opengate_core.libs/libG4track-0f17a637.so
7fc8577aa000-7fc8577ab000 r--p 0001a000 103:05 15080564                  /home/jericho/anaconda3/envs/opengate_env/lib/python3.9/site-packages/opengate_core.libs/libG4track-0f17a637.so
7fc8577ab000-7fc8577ac000 rw-p 0001b000 103:05 15080564                  /home/jericho/anaconda3/envs/opengate_env/lib/python3.9/site-packages/opengate_core.libs/libG4track-0f17a637.so
7fc8577ac000-7fc8577b8000 rw-p 00023000 103:05 15080564                  /home/jericho/anaconda3/envs/opengate_env/lib/python3.9/site-packages/opengate_core.libs/libG4track-0f17a637.so
7fc8577b8000-7fc8577bc000 r--p 00000000 103:05 6318826                   /usr/lib/x86_64-linux-gnu/libexpat.so.1.8.7
7fc8577bc000-7fc8577db000 r-xp 00004000 103:05 6318826                   /usr/lib/x86_64-linux-gnu/libexpat.so.1.8.7
7fc8577db000-7fc8577e5000 r--p 00023000 103:05 6318826                   /usr/lib/x86_64-linux-gnu/libexpat.so.1.8.7
7fc8577e5000-7fc8577e6000 ---p 0002d000 103:05 6318826                   /usr/lib/x86_64-linux-gnu/libexpat.so.1.8.7
7fc8577e6000-7fc8577e8000 r--p 0002d000 103:05 6318826                   /usr/lib/x86_64-linux-gnu/libexpat.so.1.8.7
7fc8577e8000-7fc8577e9000 rw-p 0002f000 103:05 6318826                   /usr/lib/x86_64-linux-gnu/libexpat.so.1.8.7
7fc8577e9000-7fc8577ec000 rw-p 00000000 00:00 0 
7fc8577ec000-7fc8577f1000 r--p 00000000 103:05 6961286                   /usr/lib/jvm/java-8-openjdk-amd64/jre/lib/amd64/libverify.so
7fc8577f1000-7fc8577fa000 r-xp 00005000 103:05 6961286                   /usr/lib/jvm/java-8-openjdk-amd64/jre/lib/amd64/libverify.so
7fc8577fa000-7fc8577fc000 r--p 0000e000 103:05 6961286                   /usr/lib/jvm/java-8-openjdk-amd64/jre/lib/amd64/libverify.so
7fc8577fc000-7fc8577fe000 r--p 0000f000 103:05 6961286                   /usr/lib/jvm/java-8-openjdk-amd64/jre/lib/amd64/libverify.so
7fc8577fe000-7fc8577ff000 rw-p 00011000 103:05 6961286                   /usr/lib/jvm/java-8-openjdk-amd64/jre/lib/amd64/libverify.so
7fc8577ff000-7fc857802000 r--p 00000000 103:05 6961254                   /usr/lib/jvm/java-8-openjdk-amd64/jre/lib/amd64/jli/libjli.so
7fc857802000-7fc85780b000 r-xp 00003000 103:05 6961254                   /usr/lib/jvm/java-8-openjdk-amd64/jre/lib/amd64/jli/libjli.so
7fc85780b000-7fc85780e000 r--p 0000c000 103:05 6961254                   /usr/lib/jvm/java-8-openjdk-amd64/jre/lib/amd64/jli/libjli.so
7fc85780e000-7fc85780f000 r--p 0000e000 103:05 6961254                   /usr/lib/jvm/java-8-openjdk-amd64/jre/lib/amd64/jli/libjli.so
7fc85780f000-7fc857810000 rw-p 0000f000 103:05 6961254                   /usr/lib/jvm/java-8-openjdk-amd64/jre/lib/amd64/jli/libjli.so
7fc857810000-7fc857812000 rw-p 00000000 00:00 0 
7fc857812000-7fc857814000 r--p 00000000 103:05 6293598                   /usr/lib/x86_64-linux-gnu/ld-linux-x86-64.so.2
7fc857814000-7fc85783e000 r-xp 00002000 103:05 6293598                   /usr/lib/x86_64-linux-gnu/ld-linux-x86-64.so.2
7fc85783e000-7fc857849000 r--p 0002c000 103:05 6293598                   /usr/lib/x86_64-linux-gnu/ld-linux-x86-64.so.2
7fc857849000-7fc85784a000 r--p 00000000 00:00 0 
7fc85784a000-7fc85784c000 r--p 00037000 103:05 6293598                   /usr/lib/x86_64-linux-gnu/ld-linux-x86-64.so.2
7fc85784c000-7fc85784e000 rw-p 00039000 103:05 6293598                   /usr/lib/x86_64-linux-gnu/ld-linux-x86-64.so.2
7ffd47d3f000-7ffd47d42000 ---p 00000000 00:00 0 
7ffd47d42000-7ffd47e3f000 rw-p 00000000 00:00 0                          [stack]
7ffd47f4c000-7ffd47f50000 r--p 00000000 00:00 0                          [vvar]
7ffd47f50000-7ffd47f52000 r-xp 00000000 00:00 0                          [vdso]
ffffffffff600000-ffffffffff601000 --xp 00000000 00:00 0                  [vsyscall]

VM Arguments:
jvm_args: -Xmx1148m 
java_command: ij.ImageJ -ijpath /home/jericho/.imagej -port1
java_class_path (initial): /usr/share/java/ij.jar
Launcher Type: SUN_STANDARD

Environment Variables:
PATH=/home/jericho/anaconda3/envs/opengate_env/bin:/home/jericho/anaconda3/condabin:/usr/local/sbin:/usr/local/bin:/usr/sbin:/usr/bin:/sbin:/bin:/usr/games:/usr/local/games:/snap/bin:/snap/bin
USERNAME=jericho
LD_LIBRARY_PATH=/home/jericho/anaconda3/envs/opengate_env/lib/python3.9/site-packages/opengate_core.libs:/home/jericho/anaconda3/envs/opengate_env/lib/python3.9/site-packages/opengate_core.libs::YOUR_PATH/GGEMS_install/ggems/lib:/usr/local/ggems/lib:/usr/local/ggems/lib
LD_PRELOAD=/home/jericho/anaconda3/envs/opengate_env/lib/python3.9/site-packages/opengate_core.libs/libG4processes-92d9f07e.so:/home/jericho/anaconda3/envs/opengate_env/lib/python3.9/site-packages/opengate_core.libs/libG4geometry-0c687114.so:/home/jericho/anaconda3/envs/opengate_env/lib/python3.9/site-packages/opengate_core.libs/libG4processes-92d9f07e.so:/home/jericho/anaconda3/envs/opengate_env/lib/python3.9/site-packages/opengate_core.libs/libG4geometry-0c687114.so:
SHELL=/bin/bash
DISPLAY=:0

Signal Handlers:
SIGSEGV: [libjvm.so+0xb3f5e0], sa_mask[0]=11111111011111111101111111111110, sa_flags=SA_RESTART|SA_SIGINFO
SIGBUS: [libjvm.so+0xb3f5e0], sa_mask[0]=11111111011111111101111111111110, sa_flags=SA_RESTART|SA_SIGINFO
SIGFPE: [libjvm.so+0x97dee0], sa_mask[0]=11111111011111111101111111111110, sa_flags=SA_RESTART|SA_SIGINFO
SIGPIPE: [libjvm.so+0x97dee0], sa_mask[0]=11111111011111111101111111111110, sa_flags=SA_RESTART|SA_SIGINFO
SIGXFSZ: [libjvm.so+0x97dee0], sa_mask[0]=11111111011111111101111111111110, sa_flags=SA_RESTART|SA_SIGINFO
SIGILL: [libjvm.so+0x97dee0], sa_mask[0]=11111111011111111101111111111110, sa_flags=SA_RESTART|SA_SIGINFO
SIGUSR1: SIG_DFL, sa_mask[0]=00000000000000000000000000000000, sa_flags=none
SIGUSR2: [libjvm.so+0x97e210], sa_mask[0]=00000000000000000000000000000000, sa_flags=SA_RESTART|SA_SIGINFO
SIGHUP: SIG_DFL, sa_mask[0]=00000000000000000000000000000000, sa_flags=none
SIGINT: SIG_DFL, sa_mask[0]=00000000000000000000000000000000, sa_flags=none
SIGTERM: SIG_DFL, sa_mask[0]=00000000000000000000000000000000, sa_flags=none
SIGQUIT: SIG_DFL, sa_mask[0]=00000000000000000000000000000000, sa_flags=none


---------------  S Y S T E M  ---------------

OS:DISTRIB_ID=Ubuntu
DISTRIB_RELEASE=22.04
DISTRIB_CODENAME=jammy
DISTRIB_DESCRIPTION="Ubuntu 22.04.3 LTS"

uname:Linux 6.2.0-34-generic #34~22.04.1-Ubuntu SMP PREEMPT_DYNAMIC Thu Sep  7 13:12:03 UTC 2 x86_64
libc:glibc 2.35 NPTL 2.35 
rlimit: STACK 8192k, CORE 0k, NPROC 28140, NOFILE 1048576, AS infinity
load average:1.51 1.00 0.84

/proc/meminfo:
MemTotal:        7280456 kB
MemFree:          410920 kB
MemAvailable:    1762160 kB
Buffers:          102272 kB
Cached:          1459260 kB
SwapCached:        69352 kB
Active:          2430808 kB
Inactive:        2785904 kB
Active(anon):    1339060 kB
Inactive(anon):  2399856 kB
Active(file):    1091748 kB
Inactive(file):   386048 kB
Unevictable:          48 kB
Mlocked:              48 kB
SwapTotal:       2097148 kB
SwapFree:         275776 kB
Zswap:                 0 kB
Zswapped:              0 kB
Dirty:               200 kB
Writeback:            20 kB
AnonPages:       3587764 kB
Mapped:           639356 kB
Shmem:             84264 kB
KReclaimable:     219432 kB
Slab:             634772 kB
SReclaimable:     219432 kB
SUnreclaim:       415340 kB
KernelStack:       29232 kB
PageTables:        74824 kB
SecPageTables:         0 kB
NFS_Unstable:          0 kB
Bounce:                0 kB
WritebackTmp:          0 kB
CommitLimit:     5737376 kB
Committed_AS:   15853424 kB
VmallocTotal:   34359738367 kB
VmallocUsed:      156888 kB
VmallocChunk:          0 kB
Percpu:            14208 kB
HardwareCorrupted:     0 kB
AnonHugePages:         0 kB
ShmemHugePages:        0 kB
ShmemPmdMapped:        0 kB
FileHugePages:         0 kB
FilePmdMapped:         0 kB
HugePages_Total:       0
HugePages_Free:        0
HugePages_Rsvd:        0
HugePages_Surp:        0
Hugepagesize:       2048 kB
Hugetlb:               0 kB
DirectMap4k:     3838908 kB
DirectMap2M:     3702784 kB
DirectMap1G:           0 kB

container (cgroup) information:
container_type: cgroupv2
cpu_cpuset_cpus: failed
cpu_memory_nodes: failed
active_processor_count: 16
cpu_quota: -2
cpu_period: -2
cpu_shares: -2
memory_limit_in_bytes: -1
memory_and_swap_limit_in_bytes: -1
memory_soft_limit_in_bytes: 0
memory_usage_in_bytes: 1933611008
memory_max_usage_in_bytes: -2


CPU:total 16 (initial active 16) (16 cores per cpu, 1 threads per core) family 25 model 116 stepping 1, cmov, cx8, fxsr, mmx, sse, sse2, sse3, ssse3, sse4.1, sse4.2, popcnt, avx, avx2, aes, clmul, erms, mmxext, 3dnowpref, lzcnt, sse4a, tsc, tscinvbit, tscinv, bmi1

/proc/cpuinfo:
processor	: 0
vendor_id	: AuthenticAMD
cpu family	: 25
model		: 116
model name	: AMD Ryzen 7 7840HS w/ Radeon 780M Graphics
stepping	: 1
microcode	: 0xa704101
cpu MHz		: 1876.487
cache size	: 1024 KB
physical id	: 0
siblings	: 16
core id		: 0
cpu cores	: 8
apicid		: 0
initial apicid	: 0
fpu		: yes
fpu_exception	: yes
cpuid level	: 16
wp		: yes
flags		: fpu vme de pse tsc msr pae mce cx8 apic sep mtrr pge mca cmov pat pse36 clflush mmx fxsr sse sse2 ht syscall nx mmxext fxsr_opt pdpe1gb rdtscp lm constant_tsc rep_good amd_lbr_v2 nopl nonstop_tsc cpuid extd_apicid aperfmperf rapl pni pclmulqdq monitor ssse3 fma cx16 sse4_1 sse4_2 x2apic movbe popcnt aes xsave avx f16c rdrand lahf_lm cmp_legacy svm extapic cr8_legacy abm sse4a misalignsse 3dnowprefetch osvw ibs skinit wdt tce topoext perfctr_core perfctr_nb bpext perfctr_llc mwaitx cpb cat_l3 cdp_l3 hw_pstate ssbd mba perfmon_v2 ibrs ibpb stibp vmmcall fsgsbase bmi1 avx2 smep bmi2 erms invpcid cqm rdt_a avx512f avx512dq rdseed adx smap avx512ifma clflushopt clwb avx512cd sha_ni avx512bw avx512vl xsaveopt xsavec xgetbv1 xsaves cqm_llc cqm_occup_llc cqm_mbm_total cqm_mbm_local avx512_bf16 clzero irperf xsaveerptr rdpru wbnoinvd cppc arat npt lbrv svm_lock nrip_save tsc_scale vmcb_clean flushbyasid decodeassists pausefilter pfthreshold v_vmsave_vmload vgif x2avic v_spec_ctrl avx512vbmi umip pku ospke avx512_vbmi2 gfni vaes vpclmulqdq avx512_vnni avx512_bitalg avx512_vpopcntdq rdpid overflow_recov succor smca flush_l1d
bugs		: sysret_ss_attrs spectre_v1 spectre_v2 spec_store_bypass srso
bogomips	: 7586.38
TLB size	: 3584 4K pages
clflush size	: 64
cache_alignment	: 64
address sizes	: 48 bits physical, 48 bits virtual
power management: ts ttp tm hwpstate cpb eff_freq_ro [13] [14] [15]

processor	: 1
vendor_id	: AuthenticAMD
cpu family	: 25
model		: 116
model name	: AMD Ryzen 7 7840HS w/ Radeon 780M Graphics
stepping	: 1
microcode	: 0xa704101
cpu MHz		: 1875.526
cache size	: 1024 KB
physical id	: 0
siblings	: 16
core id		: 0
cpu cores	: 8
apicid		: 1
initial apicid	: 1
fpu		: yes
fpu_exception	: yes
cpuid level	: 16
wp		: yes
flags		: fpu vme de pse tsc msr pae mce cx8 apic sep mtrr pge mca cmov pat pse36 clflush mmx fxsr sse sse2 ht syscall nx mmxext fxsr_opt pdpe1gb rdtscp lm constant_tsc rep_good amd_lbr_v2 nopl nonstop_tsc cpuid extd_apicid aperfmperf rapl pni pclmulqdq monitor ssse3 fma cx16 sse4_1 sse4_2 x2apic movbe popcnt aes xsave avx f16c rdrand lahf_lm cmp_legacy svm extapic cr8_legacy abm sse4a misalignsse 3dnowprefetch osvw ibs skinit wdt tce topoext perfctr_core perfctr_nb bpext perfctr_llc mwaitx cpb cat_l3 cdp_l3 hw_pstate ssbd mba perfmon_v2 ibrs ibpb stibp vmmcall fsgsbase bmi1 avx2 smep bmi2 erms invpcid cqm rdt_a avx512f avx512dq rdseed adx smap avx512ifma clflushopt clwb avx512cd sha_ni avx512bw avx512vl xsaveopt xsavec xgetbv1 xsaves cqm_llc cqm_occup_llc cqm_mbm_total cqm_mbm_local avx512_bf16 clzero irperf xsaveerptr rdpru wbnoinvd cppc arat npt lbrv svm_lock nrip_save tsc_scale vmcb_clean flushbyasid decodeassists pausefilter pfthreshold v_vmsave_vmload vgif x2avic v_spec_ctrl avx512vbmi umip pku ospke avx512_vbmi2 gfni vaes vpclmulqdq avx512_vnni avx512_bitalg avx512_vpopcntdq rdpid overflow_recov succor smca flush_l1d
bugs		: sysret_ss_attrs spectre_v1 spectre_v2 spec_store_bypass srso
bogomips	: 7586.38
TLB size	: 3584 4K pages
clflush size	: 64
cache_alignment	: 64
address sizes	: 48 bits physical, 48 bits virtual
power management: ts ttp tm hwpstate cpb eff_freq_ro [13] [14] [15]

processor	: 2
vendor_id	: AuthenticAMD
cpu family	: 25
model		: 116
model name	: AMD Ryzen 7 7840HS w/ Radeon 780M Graphics
stepping	: 1
microcode	: 0xa704101
cpu MHz		: 2931.360
cache size	: 1024 KB
physical id	: 0
siblings	: 16
core id		: 1
cpu cores	: 8
apicid		: 2
initial apicid	: 2
fpu		: yes
fpu_exception	: yes
cpuid level	: 16
wp		: yes
flags		: fpu vme de pse tsc msr pae mce cx8 apic sep mtrr pge mca cmov pat pse36 clflush mmx fxsr sse sse2 ht syscall nx mmxext fxsr_opt pdpe1gb rdtscp lm constant_tsc rep_good amd_lbr_v2 nopl nonstop_tsc cpuid extd_apicid aperfmperf rapl pni pclmulqdq monitor ssse3 fma cx16 sse4_1 sse4_2 x2apic movbe popcnt aes xsave avx f16c rdrand lahf_lm cmp_legacy svm extapic cr8_legacy abm sse4a misalignsse 3dnowprefetch osvw ibs skinit wdt tce topoext perfctr_core perfctr_nb bpext perfctr_llc mwaitx cpb cat_l3 cdp_l3 hw_pstate ssbd mba perfmon_v2 ibrs ibpb stibp vmmcall fsgsbase bmi1 avx2 smep bmi2 erms invpcid cqm rdt_a avx512f avx512dq rdseed adx smap avx512ifma clflushopt clwb avx512cd sha_ni avx512bw avx512vl xsaveopt xsavec xgetbv1 xsaves cqm_llc cqm_occup_llc cqm_mbm_total cqm_mbm_local avx512_bf16 clzero irperf xsaveerptr rdpru wbnoinvd cppc arat npt lbrv svm_lock nrip_save tsc_scale vmcb_clean flushbyasid decodeassists pausefilter pfthreshold v_vmsave_vmload vgif x2avic v_spec_ctrl avx512vbmi umip pku ospke avx512_vbmi2 gfni vaes vpclmulqdq avx512_vnni avx512_bitalg avx512_vpopcntdq rdpid overflow_recov succor smca flush_l1d
bugs		: sysret_ss_attrs spectre_v1 spectre_v2 spec_store_bypass srso
bogomips	: 7586.38
TLB size	: 3584 4K pages
clflush size	: 64
cache_alignment	: 64
address sizes	: 48 bits physical, 48 bits virtual
power management: ts ttp tm hwpstate cpb eff_freq_ro [13] [14] [15]

processor	: 3
vendor_id	: AuthenticAMD
cpu family	: 25
model		: 116
model name	: AMD Ryzen 7 7840HS w/ Radeon 780M Graphics
stepping	: 1
microcode	: 0xa704101
cpu MHz		: 1876.455
cache size	: 1024 KB
physical id	: 0
siblings	: 16
core id		: 1
cpu cores	: 8
apicid		: 3
initial apicid	: 3
fpu		: yes
fpu_exception	: yes
cpuid level	: 16
wp		: yes
flags		: fpu vme de pse tsc msr pae mce cx8 apic sep mtrr pge mca cmov pat pse36 clflush mmx fxsr sse sse2 ht syscall nx mmxext fxsr_opt pdpe1gb rdtscp lm constant_tsc rep_good amd_lbr_v2 nopl nonstop_tsc cpuid extd_apicid aperfmperf rapl pni pclmulqdq monitor ssse3 fma cx16 sse4_1 sse4_2 x2apic movbe popcnt aes xsave avx f16c rdrand lahf_lm cmp_legacy svm extapic cr8_legacy abm sse4a misalignsse 3dnowprefetch osvw ibs skinit wdt tce topoext perfctr_core perfctr_nb bpext perfctr_llc mwaitx cpb cat_l3 cdp_l3 hw_pstate ssbd mba perfmon_v2 ibrs ibpb stibp vmmcall fsgsbase bmi1 avx2 smep bmi2 erms invpcid cqm rdt_a avx512f avx512dq rdseed adx smap avx512ifma clflushopt clwb avx512cd sha_ni avx512bw avx512vl xsaveopt xsavec xgetbv1 xsaves cqm_llc cqm_occup_llc cqm_mbm_total cqm_mbm_local avx512_bf16 clzero irperf xsaveerptr rdpru wbnoinvd cppc arat npt lbrv svm_lock nrip_save tsc_scale vmcb_clean flushbyasid decodeassists pausefilter pfthreshold v_vmsave_vmload vgif x2avic v_spec_ctrl avx512vbmi umip pku ospke avx512_vbmi2 gfni vaes vpclmulqdq avx512_vnni avx512_bitalg avx512_vpopcntdq rdpid overflow_recov succor smca flush_l1d
bugs		: sysret_ss_attrs spectre_v1 spectre_v2 spec_store_bypass srso
bogomips	: 7586.38
TLB size	: 3584 4K pages
clflush size	: 64
cache_alignment	: 64
address sizes	: 48 bits physical, 48 bits virtual
power management: ts ttp tm hwpstate cpb eff_freq_ro [13] [14] [15]

processor	: 4
vendor_id	: AuthenticAMD
cpu family	: 25
model		: 116
model name	: AMD Ryzen 7 7840HS w/ Radeon 780M Graphics
stepping	: 1
microcode	: 0xa704101
cpu MHz		: 3143.167
cache size	: 1024 KB
physical id	: 0
siblings	: 16
core id		: 2
cpu cores	: 8
apicid		: 4
initial apicid	: 4
fpu		: yes
fpu_exception	: yes
cpuid level	: 16
wp		: yes
flags		: fpu vme de pse tsc msr pae mce cx8 apic sep mtrr pge mca cmov pat pse36 clflush mmx fxsr sse sse2 ht syscall nx mmxext fxsr_opt pdpe1gb rdtscp lm constant_tsc rep_good amd_lbr_v2 nopl nonstop_tsc cpuid extd_apicid aperfmperf rapl pni pclmulqdq monitor ssse3 fma cx16 sse4_1 sse4_2 x2apic movbe popcnt aes xsave avx f16c rdrand lahf_lm cmp_legacy svm extapic cr8_legacy abm sse4a misalignsse 3dnowprefetch osvw ibs skinit wdt tce topoext perfctr_core perfctr_nb bpext perfctr_llc mwaitx cpb cat_l3 cdp_l3 hw_pstate ssbd mba perfmon_v2 ibrs ibpb stibp vmmcall fsgsbase bmi1 avx2 smep bmi2 erms invpcid cqm rdt_a avx512f avx512dq rdseed adx smap avx512ifma clflushopt clwb avx512cd sha_ni avx512bw avx512vl xsaveopt xsavec xgetbv1 xsaves cqm_llc cqm_occup_llc cqm_mbm_total cqm_mbm_local avx512_bf16 clzero irperf xsaveerptr rdpru wbnoinvd cppc arat npt lbrv svm_lock nrip_save tsc_scale vmcb_clean flushbyasid decodeassists pausefilter pfthreshold v_vmsave_vmload vgif x2avic v_spec_ctrl avx512vbmi umip pku ospke avx512_vbmi2 gfni vaes vpclmulqdq avx512_vnni avx512_bitalg avx512_vpopcntdq rdpid overflow_recov succor smca flush_l1d
bugs		: sysret_ss_attrs spectre_v1 spectre_v2 spec_store_bypass srso
bogomips	: 7586.38
TLB size	: 3584 4K pages
clflush size	: 64
cache_alignment	: 64
address sizes	: 48 bits physical, 48 bits virtual
power management: ts ttp tm hwpstate cpb eff_freq_ro [13] [14] [15]

processor	: 5
vendor_id	: AuthenticAMD
cpu family	: 25
model		: 116
model name	: AMD Ryzen 7 7840HS w/ Radeon 780M Graphics
stepping	: 1
microcode	: 0xa704101
cpu MHz		: 2932.227
cache size	: 1024 KB
physical id	: 0
siblings	: 16
core id		: 2
cpu cores	: 8
apicid		: 5
initial apicid	: 5
fpu		: yes
fpu_exception	: yes
cpuid level	: 16
wp		: yes
flags		: fpu vme de pse tsc msr pae mce cx8 apic sep mtrr pge mca cmov pat pse36 clflush mmx fxsr sse sse2 ht syscall nx mmxext fxsr_opt pdpe1gb rdtscp lm constant_tsc rep_good amd_lbr_v2 nopl nonstop_tsc cpuid extd_apicid aperfmperf rapl pni pclmulqdq monitor ssse3 fma cx16 sse4_1 sse4_2 x2apic movbe popcnt aes xsave avx f16c rdrand lahf_lm cmp_legacy svm extapic cr8_legacy abm sse4a misalignsse 3dnowprefetch osvw ibs skinit wdt tce topoext perfctr_core perfctr_nb bpext perfctr_llc mwaitx cpb cat_l3 cdp_l3 hw_pstate ssbd mba perfmon_v2 ibrs ibpb stibp vmmcall fsgsbase bmi1 avx2 smep bmi2 erms invpcid cqm rdt_a avx512f avx512dq rdseed adx smap avx512ifma clflushopt clwb avx512cd sha_ni avx512bw avx512vl xsaveopt xsavec xgetbv1 xsaves cqm_llc cqm_occup_llc cqm_mbm_total cqm_mbm_local avx512_bf16 clzero irperf xsaveerptr rdpru wbnoinvd cppc arat npt lbrv svm_lock nrip_save tsc_scale vmcb_clean flushbyasid decodeassists pausefilter pfthreshold v_vmsave_vmload vgif x2avic v_spec_ctrl avx512vbmi umip pku ospke avx512_vbmi2 gfni vaes vpclmulqdq avx512_vnni avx512_bitalg avx512_vpopcntdq rdpid overflow_recov succor smca flush_l1d
bugs		: sysret_ss_attrs spectre_v1 spectre_v2 spec_store_bypass srso
bogomips	: 7586.38
TLB size	: 3584 4K pages
clflush size	: 64
cache_alignment	: 64
address sizes	: 48 bits physical, 48 bits virtual
power management: ts ttp tm hwpstate cpb eff_freq_ro [13] [14] [15]

processor	: 6
vendor_id	: AuthenticAMD
cpu family	: 25
model		: 116
model name	: AMD Ryzen 7 7840HS w/ Radeon 780M Graphics
stepping	: 1
microcode	: 0xa704101
cpu MHz		: 4689.875
cache size	: 1024 KB
physical id	: 0
siblings	: 16
core id		: 3
cpu cores	: 8
apicid		: 6
initial apicid	: 6
fpu		: yes
fpu_exception	: yes
cpuid level	: 16
wp		: yes
flags		: fpu vme de pse tsc msr pae mce cx8 apic sep mtrr pge mca cmov pat pse36 clflush mmx fxsr sse sse2 ht syscall nx mmxext fxsr_opt pdpe1gb rdtscp lm constant_tsc rep_good amd_lbr_v2 nopl nonstop_tsc cpuid extd_apicid aperfmperf rapl pni pclmulqdq monitor ssse3 fma cx16 sse4_1 sse4_2 x2apic movbe popcnt aes xsave avx f16c rdrand lahf_lm cmp_legacy svm extapic cr8_legacy abm sse4a misalignsse 3dnowprefetch osvw ibs skinit wdt tce topoext perfctr_core perfctr_nb bpext perfctr_llc mwaitx cpb cat_l3 cdp_l3 hw_pstate ssbd mba perfmon_v2 ibrs ibpb stibp vmmcall fsgsbase bmi1 avx2 smep bmi2 erms invpcid cqm rdt_a avx512f avx512dq rdseed adx smap avx512ifma clflushopt clwb avx512cd sha_ni avx512bw avx512vl xsaveopt xsavec xgetbv1 xsaves cqm_llc cqm_occup_llc cqm_mbm_total cqm_mbm_local avx512_bf16 clzero irperf xsaveerptr rdpru wbnoinvd cppc arat npt lbrv svm_lock nrip_save tsc_scale vmcb_clean flushbyasid decodeassists pausefilter pfthreshold v_vmsave_vmload vgif x2avic v_spec_ctrl avx512vbmi umip pku ospke avx512_vbmi2 gfni vaes vpclmulqdq avx512_vnni avx512_bitalg avx512_vpopcntdq rdpid overflow_recov succor smca flush_l1d
bugs		: sysret_ss_attrs spectre_v1 spectre_v2 spec_store_bypass srso
bogomips	: 7586.38
TLB size	: 3584 4K pages
clflush size	: 64
cache_alignment	: 64
address sizes	: 48 bits physical, 48 bits virtual
power management: ts ttp tm hwpstate cpb eff_freq_ro [13] [14] [15]

processor	: 7
vendor_id	: AuthenticAMD
cpu family	: 25
model		: 116
model name	: AMD Ryzen 7 7840HS w/ Radeon 780M Graphics
stepping	: 1
microcode	: 0xa704101
cpu MHz		: 4691.314
cache size	: 1024 KB
physical id	: 0
siblings	: 16
core id		: 3
cpu cores	: 8
apicid		: 7
initial apicid	: 7
fpu		: yes
fpu_exception	: yes
cpuid level	: 16
wp		: yes
flags		: fpu vme de pse tsc msr pae mce cx8 apic sep mtrr pge mca cmov pat pse36 clflush mmx fxsr sse sse2 ht syscall nx mmxext fxsr_opt pdpe1gb rdtscp lm constant_tsc rep_good amd_lbr_v2 nopl nonstop_tsc cpuid extd_apicid aperfmperf rapl pni pclmulqdq monitor ssse3 fma cx16 sse4_1 sse4_2 x2apic movbe popcnt aes xsave avx f16c rdrand lahf_lm cmp_legacy svm extapic cr8_legacy abm sse4a misalignsse 3dnowprefetch osvw ibs skinit wdt tce topoext perfctr_core perfctr_nb bpext perfctr_llc mwaitx cpb cat_l3 cdp_l3 hw_pstate ssbd mba perfmon_v2 ibrs ibpb stibp vmmcall fsgsbase bmi1 avx2 smep bmi2 erms invpcid cqm rdt_a avx512f avx512dq rdseed adx smap avx512ifma clflushopt clwb avx512cd sha_ni avx512bw avx512vl xsaveopt xsavec xgetbv1 xsaves cqm_llc cqm_occup_llc cqm_mbm_total cqm_mbm_local avx512_bf16 clzero irperf xsaveerptr rdpru wbnoinvd cppc arat npt lbrv svm_lock nrip_save tsc_scale vmcb_clean flushbyasid decodeassists pausefilter pfthreshold v_vmsave_vmload vgif x2avic v_spec_ctrl avx512vbmi umip pku ospke avx512_vbmi2 gfni vaes vpclmulqdq avx512_vnni avx512_bitalg avx512_vpopcntdq rdpid overflow_recov succor smca flush_l1d
bugs		: sysret_ss_attrs spectre_v1 spectre_v2 spec_store_bypass srso
bogomips	: 7586.38
TLB size	: 3584 4K pages
clflush size	: 64
cache_alignment	: 64
address sizes	: 48 bits physical, 48 bits virtual
power management: ts ttp tm hwpstate cpb eff_freq_ro [13] [14] [15]

processor	: 8
vendor_id	: AuthenticAMD
cpu family	: 25
model		: 116
model name	: AMD Ryzen 7 7840HS w/ Radeon 780M Graphics
stepping	: 1
microcode	: 0xa704101
cpu MHz		: 2769.281
cache size	: 1024 KB
physical id	: 0
siblings	: 16
core id		: 4
cpu cores	: 8
apicid		: 8
initial apicid	: 8
fpu		: yes
fpu_exception	: yes
cpuid level	: 16
wp		: yes
flags		: fpu vme de pse tsc msr pae mce cx8 apic sep mtrr pge mca cmov pat pse36 clflush mmx fxsr sse sse2 ht syscall nx mmxext fxsr_opt pdpe1gb rdtscp lm constant_tsc rep_good amd_lbr_v2 nopl nonstop_tsc cpuid extd_apicid aperfmperf rapl pni pclmulqdq monitor ssse3 fma cx16 sse4_1 sse4_2 x2apic movbe popcnt aes xsave avx f16c rdrand lahf_lm cmp_legacy svm extapic cr8_legacy abm sse4a misalignsse 3dnowprefetch osvw ibs skinit wdt tce topoext perfctr_core perfctr_nb bpext perfctr_llc mwaitx cpb cat_l3 cdp_l3 hw_pstate ssbd mba perfmon_v2 ibrs ibpb stibp vmmcall fsgsbase bmi1 avx2 smep bmi2 erms invpcid cqm rdt_a avx512f avx512dq rdseed adx smap avx512ifma clflushopt clwb avx512cd sha_ni avx512bw avx512vl xsaveopt xsavec xgetbv1 xsaves cqm_llc cqm_occup_llc cqm_mbm_total cqm_mbm_local avx512_bf16 clzero irperf xsaveerptr rdpru wbnoinvd cppc arat npt lbrv svm_lock nrip_save tsc_scale vmcb_clean flushbyasid decodeassists pausefilter pfthreshold v_vmsave_vmload vgif x2avic v_spec_ctrl avx512vbmi umip pku ospke avx512_vbmi2 gfni vaes vpclmulqdq avx512_vnni avx512_bitalg avx512_vpopcntdq rdpid overflow_recov succor smca flush_l1d
bugs		: sysret_ss_attrs spectre_v1 spectre_v2 spec_store_bypass srso
bogomips	: 7586.38
TLB size	: 3584 4K pages
clflush size	: 64
cache_alignment	: 64
address sizes	: 48 bits physical, 48 bits virtual
power management: ts ttp tm hwpstate cpb eff_freq_ro [13] [14] [15]

processor	: 9
vendor_id	: AuthenticAMD
cpu family	: 25
model		: 116
model name	: AMD Ryzen 7 7840HS w/ Radeon 780M Graphics
stepping	: 1
microcode	: 0xa704101
cpu MHz		: 2481.977
cache size	: 1024 KB
physical id	: 0
siblings	: 16
core id		: 4
cpu cores	: 8
apicid		: 9
initial apicid	: 9
fpu		: yes
fpu_exception	: yes
cpuid level	: 16
wp		: yes
flags		: fpu vme de pse tsc msr pae mce cx8 apic sep mtrr pge mca cmov pat pse36 clflush mmx fxsr sse sse2 ht syscall nx mmxext fxsr_opt pdpe1gb rdtscp lm constant_tsc rep_good amd_lbr_v2 nopl nonstop_tsc cpuid extd_apicid aperfmperf rapl pni pclmulqdq monitor ssse3 fma cx16 sse4_1 sse4_2 x2apic movbe popcnt aes xsave avx f16c rdrand lahf_lm cmp_legacy svm extapic cr8_legacy abm sse4a misalignsse 3dnowprefetch osvw ibs skinit wdt tce topoext perfctr_core perfctr_nb bpext perfctr_llc mwaitx cpb cat_l3 cdp_l3 hw_pstate ssbd mba perfmon_v2 ibrs ibpb stibp vmmcall fsgsbase bmi1 avx2 smep bmi2 erms invpcid cqm rdt_a avx512f avx512dq rdseed adx smap avx512ifma clflushopt clwb avx512cd sha_ni avx512bw avx512vl xsaveopt xsavec xgetbv1 xsaves cqm_llc cqm_occup_llc cqm_mbm_total cqm_mbm_local avx512_bf16 clzero irperf xsaveerptr rdpru wbnoinvd cppc arat npt lbrv svm_lock nrip_save tsc_scale vmcb_clean flushbyasid decodeassists pausefilter pfthreshold v_vmsave_vmload vgif x2avic v_spec_ctrl avx512vbmi umip pku ospke avx512_vbmi2 gfni vaes vpclmulqdq avx512_vnni avx512_bitalg avx512_vpopcntdq rdpid overflow_recov succor smca flush_l1d
bugs		: sysret_ss_attrs spectre_v1 spectre_v2 spec_store_bypass srso
bogomips	: 7586.38
TLB size	: 3584 4K pages
clflush size	: 64
cache_alignment	: 64
address sizes	: 48 bits physical, 48 bits virtual
power management: ts ttp tm hwpstate cpb eff_freq_ro [13] [14] [15]

processor	: 10
vendor_id	: AuthenticAMD
cpu family	: 25
model		: 116
model name	: AMD Ryzen 7 7840HS w/ Radeon 780M Graphics
stepping	: 1
microcode	: 0xa704101
cpu MHz		: 1875.803
cache size	: 1024 KB
physical id	: 0
siblings	: 16
core id		: 5
cpu cores	: 8
apicid		: 10
initial apicid	: 10
fpu		: yes
fpu_exception	: yes
cpuid level	: 16
wp		: yes
flags		: fpu vme de pse tsc msr pae mce cx8 apic sep mtrr pge mca cmov pat pse36 clflush mmx fxsr sse sse2 ht syscall nx mmxext fxsr_opt pdpe1gb rdtscp lm constant_tsc rep_good amd_lbr_v2 nopl nonstop_tsc cpuid extd_apicid aperfmperf rapl pni pclmulqdq monitor ssse3 fma cx16 sse4_1 sse4_2 x2apic movbe popcnt aes xsave avx f16c rdrand lahf_lm cmp_legacy svm extapic cr8_legacy abm sse4a misalignsse 3dnowprefetch osvw ibs skinit wdt tce topoext perfctr_core perfctr_nb bpext perfctr_llc mwaitx cpb cat_l3 cdp_l3 hw_pstate ssbd mba perfmon_v2 ibrs ibpb stibp vmmcall fsgsbase bmi1 avx2 smep bmi2 erms invpcid cqm rdt_a avx512f avx512dq rdseed adx smap avx512ifma clflushopt clwb avx512cd sha_ni avx512bw avx512vl xsaveopt xsavec xgetbv1 xsaves cqm_llc cqm_occup_llc cqm_mbm_total cqm_mbm_local avx512_bf16 clzero irperf xsaveerptr rdpru wbnoinvd cppc arat npt lbrv svm_lock nrip_save tsc_scale vmcb_clean flushbyasid decodeassists pausefilter pfthreshold v_vmsave_vmload vgif x2avic v_spec_ctrl avx512vbmi umip pku ospke avx512_vbmi2 gfni vaes vpclmulqdq avx512_vnni avx512_bitalg avx512_vpopcntdq rdpid overflow_recov succor smca flush_l1d
bugs		: sysret_ss_attrs spectre_v1 spectre_v2 spec_store_bypass srso
bogomips	: 7586.38
TLB size	: 3584 4K pages
clflush size	: 64
cache_alignment	: 64
address sizes	: 48 bits physical, 48 bits virtual
power management: ts ttp tm hwpstate cpb eff_freq_ro [13] [14] [15]

processor	: 11
vendor_id	: AuthenticAMD
cpu family	: 25
model		: 116
model name	: AMD Ryzen 7 7840HS w/ Radeon 780M Graphics
stepping	: 1
microcode	: 0xa704101
cpu MHz		: 1876.500
cache size	: 1024 KB
physical id	: 0
siblings	: 16
core id		: 5
cpu cores	: 8
apicid		: 11
initial apicid	: 11
fpu		: yes
fpu_exception	: yes
cpuid level	: 16
wp		: yes
flags		: fpu vme de pse tsc msr pae mce cx8 apic sep mtrr pge mca cmov pat pse36 clflush mmx fxsr sse sse2 ht syscall nx mmxext fxsr_opt pdpe1gb rdtscp lm constant_tsc rep_good amd_lbr_v2 nopl nonstop_tsc cpuid extd_apicid aperfmperf rapl pni pclmulqdq monitor ssse3 fma cx16 sse4_1 sse4_2 x2apic movbe popcnt aes xsave avx f16c rdrand lahf_lm cmp_legacy svm extapic cr8_legacy abm sse4a misalignsse 3dnowprefetch osvw ibs skinit wdt tce topoext perfctr_core perfctr_nb bpext perfctr_llc mwaitx cpb cat_l3 cdp_l3 hw_pstate ssbd mba perfmon_v2 ibrs ibpb stibp vmmcall fsgsbase bmi1 avx2 smep bmi2 erms invpcid cqm rdt_a avx512f avx512dq rdseed adx smap avx512ifma clflushopt clwb avx512cd sha_ni avx512bw avx512vl xsaveopt xsavec xgetbv1 xsaves cqm_llc cqm_occup_llc cqm_mbm_total cqm_mbm_local avx512_bf16 clzero irperf xsaveerptr rdpru wbnoinvd cppc arat npt lbrv svm_lock nrip_save tsc_scale vmcb_clean flushbyasid decodeassists pausefilter pfthreshold v_vmsave_vmload vgif x2avic v_spec_ctrl avx512vbmi umip pku ospke avx512_vbmi2 gfni vaes vpclmulqdq avx512_vnni avx512_bitalg avx512_vpopcntdq rdpid overflow_recov succor smca flush_l1d
bugs		: sysret_ss_attrs spectre_v1 spectre_v2 spec_store_bypass srso
bogomips	: 7586.38
TLB size	: 3584 4K pages
clflush size	: 64
cache_alignment	: 64
address sizes	: 48 bits physical, 48 bits virtual
power management: ts ttp tm hwpstate cpb eff_freq_ro [13] [14] [15]

processor	: 12
vendor_id	: AuthenticAMD
cpu family	: 25
model		: 116
model name	: AMD Ryzen 7 7840HS w/ Radeon 780M Graphics
stepping	: 1
microcode	: 0xa704101
cpu MHz		: 2953.120
cache size	: 1024 KB
physical id	: 0
siblings	: 16
core id		: 6
cpu cores	: 8
apicid		: 12
initial apicid	: 12
fpu		: yes
fpu_exception	: yes
cpuid level	: 16
wp		: yes
flags		: fpu vme de pse tsc msr pae mce cx8 apic sep mtrr pge mca cmov pat pse36 clflush mmx fxsr sse sse2 ht syscall nx mmxext fxsr_opt pdpe1gb rdtscp lm constant_tsc rep_good amd_lbr_v2 nopl nonstop_tsc cpuid extd_apicid aperfmperf rapl pni pclmulqdq monitor ssse3 fma cx16 sse4_1 sse4_2 x2apic movbe popcnt aes xsave avx f16c rdrand lahf_lm cmp_legacy svm extapic cr8_legacy abm sse4a misalignsse 3dnowprefetch osvw ibs skinit wdt tce topoext perfctr_core perfctr_nb bpext perfctr_llc mwaitx cpb cat_l3 cdp_l3 hw_pstate ssbd mba perfmon_v2 ibrs ibpb stibp vmmcall fsgsbase bmi1 avx2 smep bmi2 erms invpcid cqm rdt_a avx512f avx512dq rdseed adx smap avx512ifma clflushopt clwb avx512cd sha_ni avx512bw avx512vl xsaveopt xsavec xgetbv1 xsaves cqm_llc cqm_occup_llc cqm_mbm_total cqm_mbm_local avx512_bf16 clzero irperf xsaveerptr rdpru wbnoinvd cppc arat npt lbrv svm_lock nrip_save tsc_scale vmcb_clean flushbyasid decodeassists pausefilter pfthreshold v_vmsave_vmload vgif x2avic v_spec_ctrl avx512vbmi umip pku ospke avx512_vbmi2 gfni vaes vpclmulqdq avx512_vnni avx512_bitalg avx512_vpopcntdq rdpid overflow_recov succor smca flush_l1d
bugs		: sysret_ss_attrs spectre_v1 spectre_v2 spec_store_bypass srso
bogomips	: 7586.38
TLB size	: 3584 4K pages
clflush size	: 64
cache_alignment	: 64
address sizes	: 48 bits physical, 48 bits virtual
power management: ts ttp tm hwpstate cpb eff_freq_ro [13] [14] [15]

processor	: 13
vendor_id	: AuthenticAMD
cpu family	: 25
model		: 116
model name	: AMD Ryzen 7 7840HS w/ Radeon 780M Graphics
stepping	: 1
microcode	: 0xa704101
cpu MHz		: 2367.150
cache size	: 1024 KB
physical id	: 0
siblings	: 16
core id		: 6
cpu cores	: 8
apicid		: 13
initial apicid	: 13
fpu		: yes
fpu_exception	: yes
cpuid level	: 16
wp		: yes
flags		: fpu vme de pse tsc msr pae mce cx8 apic sep mtrr pge mca cmov pat pse36 clflush mmx fxsr sse sse2 ht syscall nx mmxext fxsr_opt pdpe1gb rdtscp lm constant_tsc rep_good amd_lbr_v2 nopl nonstop_tsc cpuid extd_apicid aperfmperf rapl pni pclmulqdq monitor ssse3 fma cx16 sse4_1 sse4_2 x2apic movbe popcnt aes xsave avx f16c rdrand lahf_lm cmp_legacy svm extapic cr8_legacy abm sse4a misalignsse 3dnowprefetch osvw ibs skinit wdt tce topoext perfctr_core perfctr_nb bpext perfctr_llc mwaitx cpb cat_l3 cdp_l3 hw_pstate ssbd mba perfmon_v2 ibrs ibpb stibp vmmcall fsgsbase bmi1 avx2 smep bmi2 erms invpcid cqm rdt_a avx512f avx512dq rdseed adx smap avx512ifma clflushopt clwb avx512cd sha_ni avx512bw avx512vl xsaveopt xsavec xgetbv1 xsaves cqm_llc cqm_occup_llc cqm_mbm_total cqm_mbm_local avx512_bf16 clzero irperf xsaveerptr rdpru wbnoinvd cppc arat npt lbrv svm_lock nrip_save tsc_scale vmcb_clean flushbyasid decodeassists pausefilter pfthreshold v_vmsave_vmload vgif x2avic v_spec_ctrl avx512vbmi umip pku ospke avx512_vbmi2 gfni vaes vpclmulqdq avx512_vnni avx512_bitalg avx512_vpopcntdq rdpid overflow_recov succor smca flush_l1d
bugs		: sysret_ss_attrs spectre_v1 spectre_v2 spec_store_bypass srso
bogomips	: 7586.38
TLB size	: 3584 4K pages
clflush size	: 64
cache_alignment	: 64
address sizes	: 48 bits physical, 48 bits virtual
power management: ts ttp tm hwpstate cpb eff_freq_ro [13] [14] [15]

processor	: 14
vendor_id	: AuthenticAMD
cpu family	: 25
model		: 116
model name	: AMD Ryzen 7 7840HS w/ Radeon 780M Graphics
stepping	: 1
microcode	: 0xa704101
cpu MHz		: 2915.369
cache size	: 1024 KB
physical id	: 0
siblings	: 16
core id		: 7
cpu cores	: 8
apicid		: 14
initial apicid	: 14
fpu		: yes
fpu_exception	: yes
cpuid level	: 16
wp		: yes
flags		: fpu vme de pse tsc msr pae mce cx8 apic sep mtrr pge mca cmov pat pse36 clflush mmx fxsr sse sse2 ht syscall nx mmxext fxsr_opt pdpe1gb rdtscp lm constant_tsc rep_good amd_lbr_v2 nopl nonstop_tsc cpuid extd_apicid aperfmperf rapl pni pclmulqdq monitor ssse3 fma cx16 sse4_1 sse4_2 x2apic movbe popcnt aes xsave avx f16c rdrand lahf_lm cmp_legacy svm extapic cr8_legacy abm sse4a misalignsse 3dnowprefetch osvw ibs skinit wdt tce topoext perfctr_core perfctr_nb bpext perfctr_llc mwaitx cpb cat_l3 cdp_l3 hw_pstate ssbd mba perfmon_v2 ibrs ibpb stibp vmmcall fsgsbase bmi1 avx2 smep bmi2 erms invpcid cqm rdt_a avx512f avx512dq rdseed adx smap avx512ifma clflushopt clwb avx512cd sha_ni avx512bw avx512vl xsaveopt xsavec xgetbv1 xsaves cqm_llc cqm_occup_llc cqm_mbm_total cqm_mbm_local avx512_bf16 clzero irperf xsaveerptr rdpru wbnoinvd cppc arat npt lbrv svm_lock nrip_save tsc_scale vmcb_clean flushbyasid decodeassists pausefilter pfthreshold v_vmsave_vmload vgif x2avic v_spec_ctrl avx512vbmi umip pku ospke avx512_vbmi2 gfni vaes vpclmulqdq avx512_vnni avx512_bitalg avx512_vpopcntdq rdpid overflow_recov succor smca flush_l1d
bugs		: sysret_ss_attrs spectre_v1 spectre_v2 spec_store_bypass srso
bogomips	: 7586.38
TLB size	: 3584 4K pages
clflush size	: 64
cache_alignment	: 64
address sizes	: 48 bits physical, 48 bits virtual
power management: ts ttp tm hwpstate cpb eff_freq_ro [13] [14] [15]

processor	: 15
vendor_id	: AuthenticAMD
cpu family	: 25
model		: 116
model name	: AMD Ryzen 7 7840HS w/ Radeon 780M Graphics
stepping	: 1
microcode	: 0xa704101
cpu MHz		: 2667.299
cache size	: 1024 KB
physical id	: 0
siblings	: 16
core id		: 7
cpu cores	: 8
apicid		: 15
initial apicid	: 15
fpu		: yes
fpu_exception	: yes
cpuid level	: 16
wp		: yes
flags		: fpu vme de pse tsc msr pae mce cx8 apic sep mtrr pge mca cmov pat pse36 clflush mmx fxsr sse sse2 ht syscall nx mmxext fxsr_opt pdpe1gb rdtscp lm constant_tsc rep_good amd_lbr_v2 nopl nonstop_tsc cpuid extd_apicid aperfmperf rapl pni pclmulqdq monitor ssse3 fma cx16 sse4_1 sse4_2 x2apic movbe popcnt aes xsave avx f16c rdrand lahf_lm cmp_legacy svm extapic cr8_legacy abm sse4a misalignsse 3dnowprefetch osvw ibs skinit wdt tce topoext perfctr_core perfctr_nb bpext perfctr_llc mwaitx cpb cat_l3 cdp_l3 hw_pstate ssbd mba perfmon_v2 ibrs ibpb stibp vmmcall fsgsbase bmi1 avx2 smep bmi2 erms invpcid cqm rdt_a avx512f avx512dq rdseed adx smap avx512ifma clflushopt clwb avx512cd sha_ni avx512bw avx512vl xsaveopt xsavec xgetbv1 xsaves cqm_llc cqm_occup_llc cqm_mbm_total cqm_mbm_local avx512_bf16 clzero irperf xsaveerptr rdpru wbnoinvd cppc arat npt lbrv svm_lock nrip_save tsc_scale vmcb_clean flushbyasid decodeassists pausefilter pfthreshold v_vmsave_vmload vgif x2avic v_spec_ctrl avx512vbmi umip pku ospke avx512_vbmi2 gfni vaes vpclmulqdq avx512_vnni avx512_bitalg avx512_vpopcntdq rdpid overflow_recov succor smca flush_l1d
bugs		: sysret_ss_attrs spectre_v1 spectre_v2 spec_store_bypass srso
bogomips	: 7586.38
TLB size	: 3584 4K pages
clflush size	: 64
cache_alignment	: 64
address sizes	: 48 bits physical, 48 bits virtual
power management: ts ttp tm hwpstate cpb eff_freq_ro [13] [14] [15]



Memory: 4k page, physical 7280456k(409420k free), swap 2097148k(275776k free)

vm_info: OpenJDK 64-Bit Server VM (25.382-b05) for linux-amd64 JRE (1.8.0_382-8u382-ga-1~22.04.1-b05), built on Jul 24 2023 20:17:51 by "buildd" with gcc 11.3.0

time: Tue Oct 10 11:33:21 2023
timezone: EDT
elapsed time: 0.010158 seconds (0d 0h 0m 0s)

